

Microchip Technology PIC18 LITE Macro Assembler V1.36 build -262312587 
                                                                                               Sun Mar 20 17:04:29 2016

Microchip Technology Omniscient Code Generator v1.36 (Free mode) build 201601150325
     1                           	processor	18F4520
     2                           	fnconf	rparam,??,?,0
     3                           	opt	pw 120
     4                           	opt	lm
     5                           	psect	idataCOMRAM,global,class=CODE,delta=1
     6                           	psect	cinit,global,reloc=2,class=CODE,delta=1
     7                           	psect	bssCOMRAM,global,class=COMRAM,space=1,delta=1
     8                           	psect	dataCOMRAM,global,class=COMRAM,space=1,delta=1
     9                           	psect	cstackCOMRAM,global,class=COMRAM,space=1,delta=1
    10                           	psect	text0,global,reloc=2,class=CODE,delta=1
    11                           	psect	text1,global,reloc=2,class=CODE,delta=1
    12                           	psect	text2,global,reloc=2,class=CODE,delta=1
    13                           	psect	text3,global,reloc=2,class=CODE,delta=1
    14                           	psect	text4,global,reloc=2,class=CODE,delta=1
    15                           	psect	intsave_regs,global,class=BIGRAM,space=1,delta=1
    16                           	psect	rparam,global,class=COMRAM,space=1,delta=1
    17  0000                     
    18                           	psect	idataCOMRAM
    19  007ED1                     __pidataCOMRAM:
    20                           	opt stack 0
    21                           
    22                           ;initializer for _flag
    23  007ED1  0001               	dw	1
    24                           
    25                           ;initializer for _period
    26  007ED3  F9                 	db	249
    27  0000                     _CCP1CON	set	4029
    28  0000                     _CCPR1L	set	4030
    29  0000                     _PIE1bits	set	3997
    30  0000                     _PIR1bits	set	3998
    31  0000                     _PR2	set	4043
    32  0000                     _T2CON	set	4042
    33  0000                     _T2CONbits	set	4042
    34  0000                     _TMR2	set	4044
    35  0000                     _TRISCbits	set	3988
    36                           
    37                           ; #config settings
    38  0000                     
    39                           	psect	cinit
    40  007F02                     __pcinit:
    41                           	opt stack 0
    42  007F02                     start_initialization:
    43                           	opt stack 0
    44  007F02                     __initialization:
    45                           	opt stack 0
    46                           
    47                           ; Clear objects allocated to COMRAM (2 bytes)
    48  007F02  6A0B               	clrf	(__pbssCOMRAM+1)& (0+255),c
    49  007F04  6A0A               	clrf	__pbssCOMRAM& (0+255),c
    50                           
    51                           ; Initialize objects allocated to COMRAM (3 bytes)
    52                           ; load TBLPTR registers with __pidataCOMRAM
    53  007F06  0ED1               	movlw	low __pidataCOMRAM
    54  007F08  6EF6               	movwf	tblptrl,c
    55  007F0A  0E7E               	movlw	high __pidataCOMRAM
    56  007F0C  6EF7               	movwf	tblptrh,c
    57  007F0E  0E00               	movlw	low (__pidataCOMRAM shr (0+16))
    58  007F10  6EF8               	movwf	tblptru,c
    59  007F12  0009               	tblrd		*+	;fetch initializer
    60  007F14  CFF5 F007          	movff	tablat,__pdataCOMRAM
    61  007F18  0009               	tblrd		*+	;fetch initializer
    62  007F1A  CFF5 F008          	movff	tablat,__pdataCOMRAM+1
    63  007F1E  0009               	tblrd		*+	;fetch initializer
    64  007F20  CFF5 F009          	movff	tablat,__pdataCOMRAM+2
    65  007F24                     end_of_initialization:
    66                           	opt stack 0
    67  007F24                     __end_of__initialization:
    68                           	opt stack 0
    69  007F24  0100               	movlb	0
    70  007F26  EFCC  F03F         	goto	_main	;jump to C main() function
    71                           tblptru	equ	0xFF8
    72                           tblptrh	equ	0xFF7
    73                           tblptrl	equ	0xFF6
    74                           tablat	equ	0xFF5
    75                           
    76                           	psect	bssCOMRAM
    77  00000A                     __pbssCOMRAM:
    78                           	opt stack 0
    79  00000A                     _duty_cycle:
    80                           	opt stack 0
    81  00000A                     	ds	2
    82                           tblptru	equ	0xFF8
    83                           tblptrh	equ	0xFF7
    84                           tblptrl	equ	0xFF6
    85                           tablat	equ	0xFF5
    86                           
    87                           	psect	dataCOMRAM
    88  000007                     __pdataCOMRAM:
    89                           	opt stack 0
    90  000007                     _flag:
    91                           	opt stack 0
    92  000007                     	ds	2
    93  000009                     _period:
    94                           	opt stack 0
    95  000009                     	ds	1
    96                           tblptru	equ	0xFF8
    97                           tblptrh	equ	0xFF7
    98                           tblptrl	equ	0xFF6
    99                           tablat	equ	0xFF5
   100                           
   101                           	psect	cstackCOMRAM
   102  000001                     __pcstackCOMRAM:
   103                           	opt stack 0
   104  000001                     OpenPWM1@period:
   105                           	opt stack 0
   106  000001                     OpenTimer2@config:
   107                           	opt stack 0
   108  000001                     Delayms@ms:
   109                           	opt stack 0
   110  000001                     SetDCPWM1@dutycycle:
   111                           	opt stack 0
   112                           
   113                           ; 2 bytes @ 0x0
   114  000001                     	ds	2
   115  000003                     ??_SetDCPWM1:
   116  000003                     ??_Delayms:
   117                           
   118                           ; 1 bytes @ 0x2
   119  000003                     	ds	1
   120  000004                     Delayms@i:
   121                           	opt stack 0
   122                           
   123                           ; 2 bytes @ 0x3
   124  000004                     	ds	1
   125  000005                     SetDCPWM1@DCycle:
   126                           	opt stack 0
   127                           
   128                           ; 2 bytes @ 0x4
   129  000005                     	ds	2
   130  000007                     tblptru	equ	0xFF8
   131                           tblptrh	equ	0xFF7
   132                           tblptrl	equ	0xFF6
   133                           tablat	equ	0xFF5
   134                           
   135                           ; 1 bytes @ 0x6
   136 ;;
   137 ;;Main: autosize = 0, tempsize = 0, incstack = 0, save=0
   138 ;;
   139 ;; *************** function _main *****************
   140 ;; Defined at:
   141 ;;		line 41 in file "main.c"
   142 ;; Parameters:    Size  Location     Type
   143 ;;		None
   144 ;; Auto vars:     Size  Location     Type
   145 ;;		None
   146 ;; Return value:  Size  Location     Type
   147 ;;                  1    wreg      void 
   148 ;; Registers used:
   149 ;;		wreg, status,2, status,0, cstack
   150 ;; Tracked objects:
   151 ;;		On entry : 0/0
   152 ;;		On exit  : 0/0
   153 ;;		Unchanged: 0/0
   154 ;; Data sizes:     COMRAM   BANK0   BANK1   BANK2   BANK3   BANK4   BANK5
   155 ;;      Params:         0       0       0       0       0       0       0
   156 ;;      Locals:         0       0       0       0       0       0       0
   157 ;;      Temps:          0       0       0       0       0       0       0
   158 ;;      Totals:         0       0       0       0       0       0       0
   159 ;;Total ram usage:        0 bytes
   160 ;; Hardware stack levels required when called:    1
   161 ;; This function calls:
   162 ;;		_Delayms
   163 ;;		_OpenPWM1
   164 ;;		_OpenTimer2
   165 ;;		_SetDCPWM1
   166 ;; This function is called by:
   167 ;;		Startup code after reset
   168 ;; This function uses a non-reentrant model
   169 ;;
   170                           
   171                           	psect	text0
   172  007F98                     __ptext0:
   173                           	opt stack 0
   174  007F98                     _main:
   175                           	opt stack 30
   176                           
   177                           ;main.c: 43: TRISCbits.RC2 = 0;
   178                           
   179                           ;incstack = 0
   180  007F98  9494               	bcf	3988,2,c	;volatile
   181                           
   182                           ;main.c: 45: OpenTimer2(0b11111110);
   183  007F9A  0EFE               	movlw	254
   184  007F9C  EC73  F03F         	call	_OpenTimer2
   185                           
   186                           ;main.c: 47: OpenPWM1(period);
   187  007FA0  5009               	movf	_period,w,c
   188  007FA2  EC6A  F03F         	call	_OpenPWM1
   189  007FA6                     l762:
   190                           
   191                           ;main.c: 51: if(flag == 1) {
   192  007FA6  0407               	decf	_flag,w,c
   193  007FA8  1008               	iorwf	_flag+1,w,c
   194  007FAA  A4D8               	btfss	status,2,c
   195  007FAC  D011               	goto	l772
   196                           
   197                           ;main.c: 52: SetDCPWM1(duty_cycle);
   198  007FAE  C00A  F001         	movff	_duty_cycle,SetDCPWM1@dutycycle
   199  007FB2  C00B  F002         	movff	_duty_cycle+1,SetDCPWM1@dutycycle+1
   200  007FB6  ECAF  F03F         	call	_SetDCPWM1	;wreg free
   201                           
   202                           ;main.c: 53: duty_cycle++;
   203  007FBA  4A0A               	infsnz	_duty_cycle,f,c
   204  007FBC  2A0B               	incf	_duty_cycle+1,f,c
   205                           
   206                           ;main.c: 54: if(duty_cycle == 1024) flag = 0;
   207  007FBE  0E04               	movlw	4
   208  007FC0  180B               	xorwf	_duty_cycle+1,w,c
   209  007FC2  100A               	iorwf	_duty_cycle,w,c
   210  007FC4  A4D8               	btfss	status,2,c
   211  007FC6  D015               	goto	l780
   212  007FC8  0E00               	movlw	0
   213  007FCA  6E08               	movwf	_flag+1,c
   214  007FCC  0E00               	movlw	0
   215  007FCE  D010               	goto	L1
   216  007FD0                     l772:
   217                           
   218                           ;main.c: 56: else {
   219                           ;main.c: 57: SetDCPWM1(duty_cycle);
   220  007FD0  C00A  F001         	movff	_duty_cycle,SetDCPWM1@dutycycle
   221  007FD4  C00B  F002         	movff	_duty_cycle+1,SetDCPWM1@dutycycle+1
   222  007FD8  ECAF  F03F         	call	_SetDCPWM1	;wreg free
   223                           
   224                           ;main.c: 58: duty_cycle--;
   225  007FDC  060A               	decf	_duty_cycle,f,c
   226  007FDE  A0D8               	btfss	status,0,c
   227  007FE0  060B               	decf	_duty_cycle+1,f,c
   228                           
   229                           ;main.c: 59: if(duty_cycle == 0) flag = 1;
   230  007FE2  500A               	movf	_duty_cycle,w,c
   231  007FE4  100B               	iorwf	_duty_cycle+1,w,c
   232  007FE6  A4D8               	btfss	status,2,c
   233  007FE8  D004               	goto	l780
   234  007FEA  0E00               	movlw	0
   235  007FEC  6E08               	movwf	_flag+1,c
   236  007FEE  0E01               	movlw	1
   237  007FF0                     L1:
   238  007FF0  6E07               	movwf	_flag,c
   239  007FF2                     l780:
   240                           
   241                           ;main.c: 60: }
   242                           ;main.c: 61: Delayms(1);
   243  007FF2  0E00               	movlw	0
   244  007FF4  6E02               	movwf	Delayms@ms+1,c
   245  007FF6  0E01               	movlw	1
   246  007FF8  6E01               	movwf	Delayms@ms,c
   247  007FFA  EC95  F03F         	call	_Delayms	;wreg free
   248  007FFE  D7D3               	goto	l762
   249  008000                     __end_of_main:
   250                           	opt stack 0
   251                           tblptru	equ	0xFF8
   252                           tblptrh	equ	0xFF7
   253                           tblptrl	equ	0xFF6
   254                           tablat	equ	0xFF5
   255                           status	equ	0xFD8
   256                           
   257 ;; *************** function _SetDCPWM1 *****************
   258 ;; Defined at:
   259 ;;		line 7 in file "C:\Program Files (x86)\Microchip\xc8\v1.36\sources\pic18\plib\PWM\pw1setdc.c"
   260 ;; Parameters:    Size  Location     Type
   261 ;;  dutycycle       2    0[COMRAM] unsigned int 
   262 ;; Auto vars:     Size  Location     Type
   263 ;;  DCycle          2    4[COMRAM] struct PWMDC
   264 ;; Return value:  Size  Location     Type
   265 ;;                  1    wreg      void 
   266 ;; Registers used:
   267 ;;		wreg, status,2, status,0
   268 ;; Tracked objects:
   269 ;;		On entry : 0/0
   270 ;;		On exit  : 0/0
   271 ;;		Unchanged: 0/0
   272 ;; Data sizes:     COMRAM   BANK0   BANK1   BANK2   BANK3   BANK4   BANK5
   273 ;;      Params:         2       0       0       0       0       0       0
   274 ;;      Locals:         2       0       0       0       0       0       0
   275 ;;      Temps:          2       0       0       0       0       0       0
   276 ;;      Totals:         6       0       0       0       0       0       0
   277 ;;Total ram usage:        6 bytes
   278 ;; Hardware stack levels used:    1
   279 ;; This function calls:
   280 ;;		Nothing
   281 ;; This function is called by:
   282 ;;		_main
   283 ;; This function uses a non-reentrant model
   284 ;;
   285                           
   286                           	psect	text1
   287  007F5E                     __ptext1:
   288                           	opt stack 0
   289  007F5E                     _SetDCPWM1:
   290                           	opt stack 30
   291                           
   292                           ;incstack = 0
   293  007F5E  C001  F003         	movff	SetDCPWM1@dutycycle,??_SetDCPWM1
   294  007F62  C002  F004         	movff	SetDCPWM1@dutycycle+1,??_SetDCPWM1+1
   295  007F66  0E06               	movlw	6
   296  007F68                     u95:
   297  007F68  90D8               	bcf	status,0,c
   298  007F6A  3603               	rlcf	??_SetDCPWM1,f,c
   299  007F6C  3604               	rlcf	??_SetDCPWM1+1,f,c
   300  007F6E  2EE8               	decfsz	wreg,f,c
   301  007F70  D7FB               	goto	u95
   302  007F72  C003  F005         	movff	??_SetDCPWM1,SetDCPWM1@DCycle
   303  007F76  C004  F006         	movff	??_SetDCPWM1+1,SetDCPWM1@DCycle+1
   304  007F7A  C006  FFBE         	movff	SetDCPWM1@DCycle+1,4030	;volatile
   305  007F7E  C005  F003         	movff	SetDCPWM1@DCycle,??_SetDCPWM1
   306  007F82  90D8               	bcf	status,0,c
   307  007F84  3203               	rrcf	??_SetDCPWM1,f,c
   308  007F86  90D8               	bcf	status,0,c
   309  007F88  3203               	rrcf	??_SetDCPWM1,f,c
   310  007F8A  0E30               	movlw	48
   311  007F8C  1603               	andwf	??_SetDCPWM1,f,c
   312  007F8E  50BD               	movf	4029,w,c	;volatile
   313  007F90  0BCF               	andlw	207
   314  007F92  1003               	iorwf	??_SetDCPWM1,w,c
   315  007F94  6EBD               	movwf	4029,c	;volatile
   316  007F96  0012               	return		;funcret
   317  007F98                     __end_of_SetDCPWM1:
   318                           	opt stack 0
   319                           tblptru	equ	0xFF8
   320                           tblptrh	equ	0xFF7
   321                           tblptrl	equ	0xFF6
   322                           tablat	equ	0xFF5
   323                           wreg	equ	0xFE8
   324                           status	equ	0xFD8
   325                           
   326 ;; *************** function _OpenTimer2 *****************
   327 ;; Defined at:
   328 ;;		line 17 in file "C:\Program Files (x86)\Microchip\xc8\v1.36\sources\pic18\plib\Timers\t2open.c"
   329 ;; Parameters:    Size  Location     Type
   330 ;;  config          1    wreg     unsigned char 
   331 ;; Auto vars:     Size  Location     Type
   332 ;;  config          1    0[COMRAM] unsigned char 
   333 ;; Return value:  Size  Location     Type
   334 ;;                  1    wreg      void 
   335 ;; Registers used:
   336 ;;		wreg, status,2, status,0
   337 ;; Tracked objects:
   338 ;;		On entry : 0/0
   339 ;;		On exit  : 0/0
   340 ;;		Unchanged: 0/0
   341 ;; Data sizes:     COMRAM   BANK0   BANK1   BANK2   BANK3   BANK4   BANK5
   342 ;;      Params:         0       0       0       0       0       0       0
   343 ;;      Locals:         1       0       0       0       0       0       0
   344 ;;      Temps:          0       0       0       0       0       0       0
   345 ;;      Totals:         1       0       0       0       0       0       0
   346 ;;Total ram usage:        1 bytes
   347 ;; Hardware stack levels used:    1
   348 ;; This function calls:
   349 ;;		Nothing
   350 ;; This function is called by:
   351 ;;		_main
   352 ;; This function uses a non-reentrant model
   353 ;;
   354                           
   355                           	psect	text2
   356  007EE6                     __ptext2:
   357                           	opt stack 0
   358  007EE6                     _OpenTimer2:
   359                           	opt stack 30
   360                           
   361                           ;incstack = 0
   362                           ;OpenTimer2@config stored from wreg
   363  007EE6  6E01               	movwf	OpenTimer2@config,c
   364  007EE8  5001               	movf	OpenTimer2@config,w,c
   365  007EEA  0BFB               	andlw	251
   366  007EEC  6ECA               	movwf	4042,c	;volatile
   367  007EEE  0E00               	movlw	0
   368  007EF0  6ECC               	movwf	4044,c	;volatile
   369  007EF2  929E               	bcf	3998,1,c	;volatile
   370  007EF4  AE01               	btfss	OpenTimer2@config,7,c
   371  007EF6  D002               	goto	l72
   372  007EF8  829D               	bsf	3997,1,c	;volatile
   373  007EFA  D001               	goto	l73
   374  007EFC                     l72:
   375  007EFC  929D               	bcf	3997,1,c	;volatile
   376  007EFE                     l73:
   377  007EFE  84CA               	bsf	4042,2,c	;volatile
   378  007F00  0012               	return		;funcret
   379  007F02                     __end_of_OpenTimer2:
   380                           	opt stack 0
   381                           tblptru	equ	0xFF8
   382                           tblptrh	equ	0xFF7
   383                           tblptrl	equ	0xFF6
   384                           tablat	equ	0xFF5
   385                           wreg	equ	0xFE8
   386                           status	equ	0xFD8
   387                           
   388 ;; *************** function _OpenPWM1 *****************
   389 ;; Defined at:
   390 ;;		line 8 in file "C:\Program Files (x86)\Microchip\xc8\v1.36\sources\pic18\plib\PWM\pw1open.c"
   391 ;; Parameters:    Size  Location     Type
   392 ;;  period          1    wreg     unsigned char 
   393 ;; Auto vars:     Size  Location     Type
   394 ;;  period          1    0[COMRAM] unsigned char 
   395 ;; Return value:  Size  Location     Type
   396 ;;                  1    wreg      void 
   397 ;; Registers used:
   398 ;;		wreg, status,2, status,0
   399 ;; Tracked objects:
   400 ;;		On entry : 0/0
   401 ;;		On exit  : 0/0
   402 ;;		Unchanged: 0/0
   403 ;; Data sizes:     COMRAM   BANK0   BANK1   BANK2   BANK3   BANK4   BANK5
   404 ;;      Params:         0       0       0       0       0       0       0
   405 ;;      Locals:         1       0       0       0       0       0       0
   406 ;;      Temps:          0       0       0       0       0       0       0
   407 ;;      Totals:         1       0       0       0       0       0       0
   408 ;;Total ram usage:        1 bytes
   409 ;; Hardware stack levels used:    1
   410 ;; This function calls:
   411 ;;		Nothing
   412 ;; This function is called by:
   413 ;;		_main
   414 ;; This function uses a non-reentrant model
   415 ;;
   416                           
   417                           	psect	text3
   418  007ED4                     __ptext3:
   419                           	opt stack 0
   420  007ED4                     _OpenPWM1:
   421                           	opt stack 30
   422                           
   423                           ;incstack = 0
   424                           ;OpenPWM1@period stored from wreg
   425  007ED4  6E01               	movwf	OpenPWM1@period,c
   426  007ED6  0E0C               	movlw	12
   427  007ED8  12BD               	iorwf	4029,f,c	;volatile
   428  007EDA  9494               	bcf	3988,2,c	;volatile
   429  007EDC  94CA               	bcf	4042,2,c	;volatile
   430  007EDE  C001  FFCB         	movff	OpenPWM1@period,4043	;volatile
   431  007EE2  84CA               	bsf	4042,2,c	;volatile
   432  007EE4  0012               	return		;funcret
   433  007EE6                     __end_of_OpenPWM1:
   434                           	opt stack 0
   435                           tblptru	equ	0xFF8
   436                           tblptrh	equ	0xFF7
   437                           tblptrl	equ	0xFF6
   438                           tablat	equ	0xFF5
   439                           wreg	equ	0xFE8
   440                           status	equ	0xFD8
   441                           
   442 ;; *************** function _Delayms *****************
   443 ;; Defined at:
   444 ;;		line 66 in file "../Libraries\pic18f4520_delay.h"
   445 ;; Parameters:    Size  Location     Type
   446 ;;  ms              2    0[COMRAM] int 
   447 ;; Auto vars:     Size  Location     Type
   448 ;;  i               2    3[COMRAM] int 
   449 ;; Return value:  Size  Location     Type
   450 ;;                  1    wreg      void 
   451 ;; Registers used:
   452 ;;		wreg, status,2, status,0
   453 ;; Tracked objects:
   454 ;;		On entry : 0/0
   455 ;;		On exit  : 0/0
   456 ;;		Unchanged: 0/0
   457 ;; Data sizes:     COMRAM   BANK0   BANK1   BANK2   BANK3   BANK4   BANK5
   458 ;;      Params:         2       0       0       0       0       0       0
   459 ;;      Locals:         2       0       0       0       0       0       0
   460 ;;      Temps:          1       0       0       0       0       0       0
   461 ;;      Totals:         5       0       0       0       0       0       0
   462 ;;Total ram usage:        5 bytes
   463 ;; Hardware stack levels used:    1
   464 ;; This function calls:
   465 ;;		Nothing
   466 ;; This function is called by:
   467 ;;		_main
   468 ;; This function uses a non-reentrant model
   469 ;;
   470                           
   471                           	psect	text4
   472  007F2A                     __ptext4:
   473                           	opt stack 0
   474  007F2A                     _Delayms:
   475                           	opt stack 30
   476                           
   477                           ;Libraries\pic18f4520_delay.h: 68: for(int i=0; i<ms ; i++) _delay((unsigned long)((1)*(
      +                          32000000/4000.0)));
   478                           
   479                           ;incstack = 0
   480  007F2A  0E00               	movlw	0
   481  007F2C  6E05               	movwf	Delayms@i+1,c
   482  007F2E  0E00               	movlw	0
   483  007F30  6E04               	movwf	Delayms@i,c
   484  007F32  D00A               	goto	l13
   485  007F34                     l750:
   486  007F34  0E0B               	movlw	11
   487  007F36  6E03               	movwf	??_Delayms& (0+255),c
   488  007F38  0E62               	movlw	98
   489  007F3A                     u137:
   490  007F3A  2EE8               	decfsz	wreg,f,c
   491  007F3C  D7FE               	goto	u137
   492  007F3E  2E03               	decfsz	??_Delayms& (0+255),f,c
   493  007F40  D7FC               	goto	u137
   494  007F42  D000               	nop2	
   495  007F44  4A04               	infsnz	Delayms@i,f,c
   496  007F46  2A05               	incf	Delayms@i+1,f,c
   497  007F48                     l13:
   498  007F48  5001               	movf	Delayms@ms,w,c
   499  007F4A  5C04               	subwf	Delayms@i,w,c
   500  007F4C  5005               	movf	Delayms@i+1,w,c
   501  007F4E  0A80               	xorlw	128
   502  007F50  6E03               	movwf	??_Delayms& (0+255),c
   503  007F52  5002               	movf	Delayms@ms+1,w,c
   504  007F54  0A80               	xorlw	128
   505  007F56  5803               	subwfb	??_Delayms& (0+255),w,c
   506  007F58  B0D8               	btfsc	status,0,c
   507  007F5A  0012               	return	
   508  007F5C  D7EB               	goto	l750
   509  007F5E                     __end_of_Delayms:
   510                           	opt stack 0
   511  0000                     tblptru	equ	0xFF8
   512                           tblptrh	equ	0xFF7
   513                           tblptrl	equ	0xFF6
   514                           tablat	equ	0xFF5
   515                           wreg	equ	0xFE8
   516                           status	equ	0xFD8
   517                           tblptru	equ	0xFF8
   518                           tblptrh	equ	0xFF7
   519                           tblptrl	equ	0xFF6
   520                           tablat	equ	0xFF5
   521                           wreg	equ	0xFE8
   522                           status	equ	0xFD8
   523                           
   524                           	psect	rparam
   525  0000                     tblptru	equ	0xFF8
   526                           tblptrh	equ	0xFF7
   527                           tblptrl	equ	0xFF6
   528                           tablat	equ	0xFF5
   529                           wreg	equ	0xFE8
   530                           status	equ	0xFD8


Data Sizes:
    Strings     0
    Constant    0
    Data        3
    BSS         2
    Persistent  0
    Stack       0

Auto Spaces:
    Space          Size  Autos    Used
    COMRAM          127      6      11
    BANK0           128      0       0
    BANK1           256      0       0
    BANK2           256      0       0
    BANK3           256      0       0
    BANK4           256      0       0
    BANK5           256      0       0

Pointer List with Targets:

    None.

Critical Paths under _main in COMRAM

    _main->_SetDCPWM1

Critical Paths under _main in BANK0

    None.

Critical Paths under _main in BANK1

    None.

Critical Paths under _main in BANK2

    None.

Critical Paths under _main in BANK3

    None.

Critical Paths under _main in BANK4

    None.

Critical Paths under _main in BANK5

    None.

Call Graph Tables:

 ---------------------------------------------------------------------------------
 (Depth) Function   	        Calls       Base Space   Used Autos Params    Refs
 ---------------------------------------------------------------------------------
 (0) _main                                                 0     0      0     351
                            _Delayms
                           _OpenPWM1
                         _OpenTimer2
                          _SetDCPWM1
 ---------------------------------------------------------------------------------
 (1) _SetDCPWM1                                            6     4      2     196
                                              0 COMRAM     6     4      2
 ---------------------------------------------------------------------------------
 (1) _OpenTimer2                                           1     1      0      30
                                              0 COMRAM     1     1      0
 ---------------------------------------------------------------------------------
 (1) _OpenPWM1                                             1     1      0      15
                                              0 COMRAM     1     1      0
 ---------------------------------------------------------------------------------
 (1) _Delayms                                              5     3      2     110
                                              0 COMRAM     5     3      2
 ---------------------------------------------------------------------------------
 Estimated maximum stack depth 1
 ---------------------------------------------------------------------------------

 Call Graph Graphs:

 _main (ROOT)
   _Delayms
   _OpenPWM1
   _OpenTimer2
   _SetDCPWM1

 Address spaces:
Name               Size   Autos  Total    Cost      Usage
BIGRAM             5FF      0       0      17        0.0%
EEDATA             100      0       0       0        0.0%
BITBANK5           100      0       0      16        0.0%
BANK5              100      0       0      14        0.0%
BITBANK4           100      0       0      12        0.0%
BANK4              100      0       0      13        0.0%
BITBANK3           100      0       0      10        0.0%
BANK3              100      0       0      11        0.0%
BITBANK2           100      0       0       8        0.0%
BANK2              100      0       0       9        0.0%
BITBANK1           100      0       0       6        0.0%
BANK1              100      0       0       7        0.0%
BITBANK0            80      0       0       4        0.0%
BANK0               80      0       0       5        0.0%
BITCOMRAM           7F      0       0       0        0.0%
COMRAM              7F      6       B       1        8.7%
BITSFR               0      0       0      40        0.0%
SFR                  0      0       0      40        0.0%
STACK                0      0       0       2        0.0%
NULL                 0      0       0       0        0.0%
ABS                  0      0       B      15        0.0%
DATA                 0      0       B       3        0.0%
CODE                 0      0       0       0        0.0%


Microchip Technology PIC18 Macro Assembler V1.36 build -262312587 
Symbol Table                                                                                   Sun Mar 20 17:04:29 2016

                     l13 7F48                       l72 7EFC                       l73 7EFE  
                     u95 7F68              __CFG_BORV$2 000000             __CFG_CP0$OFF 000000  
           __CFG_CP1$OFF 000000             __CFG_CP2$OFF 000000             __CFG_CP3$OFF 000000  
                    l750 7F34                      l762 7FA6                      l780 7FF2  
                    l772 7FD0             __CFG_CPB$OFF 000000                      u137 7F3A  
                    _PR2 000FCB             __CFG_CPD$OFF 000000                      wreg 000FE8  
           __CFG_LVP$OFF 000000             __CFG_WDT$OFF 000000                     _TMR2 000FCC  
                   _flag 0007                     _main 7F98            __CFG_BOREN$ON 000000  
                   start 0000            __CFG_IESO$OFF 000000          __end_of_Delayms 7F5E  
          __CFG_MCLRE$ON 000000             ___param_bank 000010                    ?_main 0001  
                  _T2CON 000FCA            __CFG_PWRT$OFF 000000            __CFG_WRT0$OFF 000000  
          __CFG_WRT1$OFF 000000            __CFG_WRT2$OFF 000000            __CFG_WRT3$OFF 000000  
         __CFG_EBTR0$OFF 000000           __CFG_FCMEN$OFF 000000           __CFG_EBTR1$OFF 000000  
         __CFG_EBTR2$OFF 000000           __CFG_EBTR3$OFF 000000            __CFG_WRTB$OFF 000000  
          __CFG_WRTC$OFF 000000            __CFG_WRTD$OFF 000000           __CFG_EBTRB$OFF 000000  
                  tablat 000FF5                    status 000FD8          __initialization 7F02  
           __end_of_main 8000           __CFG_OSC$HSPLL 000000         __end_of_OpenPWM1 7EE6  
                 ??_main 0007            __activetblptr 000000                   _CCPR1L 000FBE  
             _OpenTimer2 7EE6                ??_Delayms 0003       __size_of_SetDCPWM1 003A  
         __CFG_XINST$OFF 000000           __CFG_STVREN$ON 000000         OpenTimer2@config 0001  
                 _period 0009             __pdataCOMRAM 0007                   tblptrh 000FF7  
                 tblptrl 000FF6                   tblptru 000FF8               __accesstop 0080  
__end_of__initialization 7F24          __CFG_PBADEN$OFF 000000            ___rparam_used 000001  
         __pcstackCOMRAM 0001        __end_of_SetDCPWM1 7F98              ?_OpenTimer2 0001  
              ?_OpenPWM1 0001                  _CCP1CON 000FBD                  _Delayms 7F2A  
             ??_OpenPWM1 0001                  __Hparam 0000                  __Lparam 0000  
                __pcinit 7F02                  __ramtop 0600      __size_of_OpenTimer2 001C  
                __ptext0 7F98                  __ptext1 7F5E                  __ptext2 7EE6  
                __ptext3 7ED4                  __ptext4 7F2A                _T2CONbits 000FCA  
             _duty_cycle 000A     end_of_initialization 7F24                Delayms@ms 0001  
              _TRISCbits 000F94            __pidataCOMRAM 7ED1      start_initialization 7F02  
              _SetDCPWM1 7F5E          SetDCPWM1@DCycle 0005             ??_OpenTimer2 0001  
      __size_of_OpenPWM1 0012         __CFG_LPT1OSC$OFF 000000       __end_of_OpenTimer2 7F02  
            __pbssCOMRAM 000A               ?_SetDCPWM1 0001                 ?_Delayms 0001  
      __CFG_CCP2MX$PORTC 000000                 _PIE1bits 000F9D                 Delayms@i 0004  
               _PIR1bits 000F9E         __CFG_WDTPS$32768 000000              ??_SetDCPWM1 0003  
     SetDCPWM1@dutycycle 0001         __size_of_Delayms 0034                 _OpenPWM1 7ED4  
               __Hrparam 0000                 __Lrparam 0000           OpenPWM1@period 0001  
          __size_of_main 0068  
