

Microchip Technology PIC18 LITE Macro Assembler V1.36 build -262312587 
                                                                                               Sun Mar 20 17:07:49 2016

Microchip Technology Omniscient Code Generator v1.36 (Free mode) build 201601150325
     1                           	processor	18F4520
     2                           	fnconf	rparam,??,?,0
     3                           	opt	pw 120
     4                           	opt	lm
     5                           	psect	idataCOMRAM,global,class=CODE,delta=1
     6                           	psect	cinit,global,reloc=2,class=CODE,delta=1
     7                           	psect	dataCOMRAM,global,class=COMRAM,space=1,delta=1
     8                           	psect	cstackCOMRAM,global,class=COMRAM,space=1,delta=1
     9                           	psect	text0,global,reloc=2,class=CODE,delta=1
    10                           	psect	text1,global,reloc=2,class=CODE,delta=1
    11                           	psect	text2,global,reloc=2,class=CODE,delta=1
    12                           	psect	text3,global,reloc=2,class=CODE,delta=1
    13                           	psect	text4,global,reloc=2,class=CODE,delta=1
    14                           	psect	text5,global,reloc=2,class=CODE,delta=1
    15                           	psect	intsave_regs,global,class=BIGRAM,space=1,delta=1
    16                           	psect	rparam,global,class=COMRAM,space=1,delta=1
    17  0000                     
    18                           	psect	idataCOMRAM
    19  007C4A                     __pidataCOMRAM:
    20                           	opt stack 0
    21                           
    22                           ;initializer for _sseg_codes
    23  007C4A  003F               	dw	63
    24  007C4C  0006               	dw	6
    25  007C4E  005B               	dw	91
    26  007C50  004F               	dw	79
    27  007C52  0066               	dw	102
    28  007C54  006D               	dw	109
    29  007C56  007D               	dw	125
    30  007C58  0007               	dw	7
    31  007C5A  007F               	dw	127
    32  007C5C  006F               	dw	111
    33  007C5E  0077               	dw	119
    34  007C60  007C               	dw	124
    35  007C62  0039               	dw	57
    36  007C64  005E               	dw	94
    37  007C66  0079               	dw	121
    38  007C68  0071               	dw	113
    39  0000                     _LATAbits	set	3977
    40  0000                     _LATCbits	set	3979
    41  0000                     _LATEbits	set	3981
    42  0000                     _TRISAbits	set	3986
    43  0000                     _TRISCbits	set	3988
    44  0000                     _TRISEbits	set	3990
    45                           
    46                           ; #config settings
    47  0000                     
    48                           	psect	cinit
    49  007C6A                     __pcinit:
    50                           	opt stack 0
    51  007C6A                     start_initialization:
    52                           	opt stack 0
    53  007C6A                     __initialization:
    54                           	opt stack 0
    55                           
    56                           ; Initialize objects allocated to COMRAM (32 bytes)
    57                           ; load TBLPTR registers with __pidataCOMRAM
    58  007C6A  0E4A               	movlw	low __pidataCOMRAM
    59  007C6C  6EF6               	movwf	tblptrl,c
    60  007C6E  0E7C               	movlw	high __pidataCOMRAM
    61  007C70  6EF7               	movwf	tblptrh,c
    62  007C72  0E00               	movlw	low (__pidataCOMRAM shr (0+16))
    63  007C74  6EF8               	movwf	tblptru,c
    64  007C76  EE00  F001         	lfsr	0,__pdataCOMRAM
    65  007C7A  EE10 F020          	lfsr	1,32
    66  007C7E                     copy_data0:
    67  007C7E  0009               	tblrd		*+
    68  007C80  CFF5 FFEE          	movff	tablat,postinc0
    69  007C84  50E5               	movf	postdec1,w,c
    70  007C86  50E1               	movf	fsr1l,w,c
    71  007C88  E1FA               	bnz	copy_data0
    72  007C8A                     end_of_initialization:
    73                           	opt stack 0
    74  007C8A                     __end_of__initialization:
    75                           	opt stack 0
    76  007C8A  0100               	movlb	0
    77  007C8C  EFC1  F03E         	goto	_main	;jump to C main() function
    78                           tblptru	equ	0xFF8
    79                           tblptrh	equ	0xFF7
    80                           tblptrl	equ	0xFF6
    81                           tablat	equ	0xFF5
    82                           postinc0	equ	0xFEE
    83                           postdec1	equ	0xFE5
    84                           fsr1l	equ	0xFE1
    85                           
    86                           	psect	dataCOMRAM
    87  000001                     __pdataCOMRAM:
    88                           	opt stack 0
    89  000001                     _sseg_codes:
    90                           	opt stack 0
    91  000001                     	ds	32
    92                           tblptru	equ	0xFF8
    93                           tblptrh	equ	0xFF7
    94                           tblptrl	equ	0xFF6
    95                           tablat	equ	0xFF5
    96                           postinc0	equ	0xFEE
    97                           postdec1	equ	0xFE5
    98                           fsr1l	equ	0xFE1
    99                           
   100                           	psect	cstackCOMRAM
   101  000021                     __pcstackCOMRAM:
   102                           	opt stack 0
   103  000021                     ?___lwdiv:
   104                           	opt stack 0
   105  000021                     ?___lwmod:
   106                           	opt stack 0
   107  000021                     Delayms@ms:
   108                           	opt stack 0
   109  000021                     ___lwdiv@dividend:
   110                           	opt stack 0
   111  000021                     ___lwmod@dividend:
   112                           	opt stack 0
   113                           
   114                           ; 2 bytes @ 0x0
   115  000021                     	ds	2
   116  000023                     ??_Delayms:
   117  000023                     ___lwdiv@divisor:
   118                           	opt stack 0
   119  000023                     ___lwmod@divisor:
   120                           	opt stack 0
   121                           
   122                           ; 2 bytes @ 0x2
   123  000023                     	ds	1
   124  000024                     Delayms@i:
   125                           	opt stack 0
   126                           
   127                           ; 2 bytes @ 0x3
   128  000024                     	ds	1
   129  000025                     ___lwmod@counter:
   130                           	opt stack 0
   131  000025                     ___lwdiv@quotient:
   132                           	opt stack 0
   133                           
   134                           ; 2 bytes @ 0x4
   135  000025                     	ds	2
   136  000027                     ___lwdiv@counter:
   137                           	opt stack 0
   138                           
   139                           ; 1 bytes @ 0x6
   140  000027                     	ds	1
   141  000028                     SSEG_Print@sseg:
   142                           	opt stack 0
   143                           
   144                           ; 2 bytes @ 0x7
   145  000028                     	ds	2
   146  00002A                     SSEG_Print@n:
   147                           	opt stack 0
   148                           
   149                           ; 2 bytes @ 0x9
   150  00002A                     	ds	2
   151  00002C                     ??_SSEG_Print:
   152                           
   153                           ; 1 bytes @ 0xB
   154  00002C                     	ds	4
   155  000030                     main@counter:
   156                           	opt stack 0
   157                           
   158                           ; 2 bytes @ 0xF
   159  000030                     	ds	2
   160                           tblptru	equ	0xFF8
   161                           tblptrh	equ	0xFF7
   162                           tblptrl	equ	0xFF6
   163                           tablat	equ	0xFF5
   164                           postinc0	equ	0xFEE
   165                           postdec1	equ	0xFE5
   166                           fsr1l	equ	0xFE1
   167                           
   168 ;;
   169 ;;Main: autosize = 0, tempsize = 0, incstack = 0, save=0
   170 ;;
   171 ;; *************** function _main *****************
   172 ;; Defined at:
   173 ;;		line 21 in file "main.c"
   174 ;; Parameters:    Size  Location     Type
   175 ;;		None
   176 ;; Auto vars:     Size  Location     Type
   177 ;;  counter         2   15[COMRAM] unsigned int 
   178 ;; Return value:  Size  Location     Type
   179 ;;                  2   20[None  ] int 
   180 ;; Registers used:
   181 ;;		wreg, fsr2l, fsr2h, status,2, status,0, cstack
   182 ;; Tracked objects:
   183 ;;		On entry : 0/0
   184 ;;		On exit  : 0/0
   185 ;;		Unchanged: 0/0
   186 ;; Data sizes:     COMRAM   BANK0   BANK1   BANK2   BANK3   BANK4   BANK5
   187 ;;      Params:         0       0       0       0       0       0       0
   188 ;;      Locals:         2       0       0       0       0       0       0
   189 ;;      Temps:          0       0       0       0       0       0       0
   190 ;;      Totals:         2       0       0       0       0       0       0
   191 ;;Total ram usage:        2 bytes
   192 ;; Hardware stack levels required when called:    1
   193 ;; This function calls:
   194 ;;		_Delayms
   195 ;;		_SSEG_Init
   196 ;;		_SSEG_Print
   197 ;;		___lwdiv
   198 ;;		___lwmod
   199 ;; This function is called by:
   200 ;;		Startup code after reset
   201 ;; This function uses a non-reentrant model
   202 ;;
   203                           
   204                           	psect	text0
   205  007D82                     __ptext0:
   206                           	opt stack 0
   207  007D82                     _main:
   208                           	opt stack 30
   209                           
   210                           ;main.c: 22: unsigned int counter = 0;
   211                           
   212                           ;incstack = 0
   213  007D82  0E00               	movlw	0
   214  007D84  6E31               	movwf	main@counter+1,c
   215  007D86  0E00               	movlw	0
   216  007D88  6E30               	movwf	main@counter,c
   217                           
   218                           ;main.c: 23: SSEG_Init();
   219  007D8A  EC48  F03E         	call	_SSEG_Init	;wreg free
   220  007D8E                     l813:
   221                           
   222                           ;main.c: 25: SSEG_Print(1,counter%10);
   223  007D8E  0E00               	movlw	0
   224  007D90  6E29               	movwf	SSEG_Print@sseg+1,c
   225  007D92  0E01               	movlw	1
   226  007D94  6E28               	movwf	SSEG_Print@sseg,c
   227  007D96  C030  F021         	movff	main@counter,___lwmod@dividend
   228  007D9A  C031  F022         	movff	main@counter+1,___lwmod@dividend+1
   229  007D9E  0E00               	movlw	0
   230  007DA0  6E24               	movwf	___lwmod@divisor+1,c
   231  007DA2  0E0A               	movlw	10
   232  007DA4  6E23               	movwf	___lwmod@divisor,c
   233  007DA6  EC77  F03E         	call	___lwmod	;wreg free
   234  007DAA  C021  F02A         	movff	?___lwmod,SSEG_Print@n
   235  007DAE  C022  F02B         	movff	?___lwmod+1,SSEG_Print@n+1
   236  007DB2  EC08  F03F         	call	_SSEG_Print	;wreg free
   237                           
   238                           ;main.c: 26: Delayms(10);
   239  007DB6  0E00               	movlw	0
   240  007DB8  6E22               	movwf	Delayms@ms+1,c
   241  007DBA  0E0A               	movlw	10
   242  007DBC  6E21               	movwf	Delayms@ms,c
   243  007DBE  EC5D  F03E         	call	_Delayms	;wreg free
   244                           
   245                           ;main.c: 27: SSEG_Print(2,counter/10);
   246  007DC2  0E00               	movlw	0
   247  007DC4  6E29               	movwf	SSEG_Print@sseg+1,c
   248  007DC6  0E02               	movlw	2
   249  007DC8  6E28               	movwf	SSEG_Print@sseg,c
   250  007DCA  C030  F021         	movff	main@counter,___lwdiv@dividend
   251  007DCE  C031  F022         	movff	main@counter+1,___lwdiv@dividend+1
   252  007DD2  0E00               	movlw	0
   253  007DD4  6E24               	movwf	___lwdiv@divisor+1,c
   254  007DD6  0E0A               	movlw	10
   255  007DD8  6E23               	movwf	___lwdiv@divisor,c
   256  007DDA  EC98  F03E         	call	___lwdiv	;wreg free
   257  007DDE  C021  F02A         	movff	?___lwdiv,SSEG_Print@n
   258  007DE2  C022  F02B         	movff	?___lwdiv+1,SSEG_Print@n+1
   259  007DE6  EC08  F03F         	call	_SSEG_Print	;wreg free
   260                           
   261                           ;main.c: 28: Delayms(10);
   262  007DEA  0E00               	movlw	0
   263  007DEC  6E22               	movwf	Delayms@ms+1,c
   264  007DEE  0E0A               	movlw	10
   265  007DF0  6E21               	movwf	Delayms@ms,c
   266  007DF2  EC5D  F03E         	call	_Delayms	;wreg free
   267                           
   268                           ;main.c: 29: counter++;
   269  007DF6  4A30               	infsnz	main@counter,f,c
   270  007DF8  2A31               	incf	main@counter+1,f,c
   271                           
   272                           ;main.c: 30: if(counter > 99) counter = 0;
   273  007DFA  5031               	movf	main@counter+1,w,c
   274  007DFC  E104               	bnz	u330
   275  007DFE  0E64               	movlw	100
   276  007E00  5C30               	subwf	main@counter,w,c
   277  007E02  A0D8               	btfss	status,0,c
   278  007E04  D7C4               	goto	l813
   279  007E06                     u330:
   280  007E06  0E00               	movlw	0
   281  007E08  6E31               	movwf	main@counter+1,c
   282  007E0A  0E00               	movlw	0
   283  007E0C  6E30               	movwf	main@counter,c
   284  007E0E  D7BF               	goto	l813
   285  007E10                     __end_of_main:
   286                           	opt stack 0
   287                           tblptru	equ	0xFF8
   288                           tblptrh	equ	0xFF7
   289                           tblptrl	equ	0xFF6
   290                           tablat	equ	0xFF5
   291                           postinc0	equ	0xFEE
   292                           postdec1	equ	0xFE5
   293                           fsr1l	equ	0xFE1
   294                           status	equ	0xFD8
   295                           
   296 ;; *************** function ___lwmod *****************
   297 ;; Defined at:
   298 ;;		line 8 in file "C:\Program Files (x86)\Microchip\xc8\v1.36\sources\common\lwmod.c"
   299 ;; Parameters:    Size  Location     Type
   300 ;;  dividend        2    0[COMRAM] unsigned int 
   301 ;;  divisor         2    2[COMRAM] unsigned int 
   302 ;; Auto vars:     Size  Location     Type
   303 ;;  counter         1    4[COMRAM] unsigned char 
   304 ;; Return value:  Size  Location     Type
   305 ;;                  2    0[COMRAM] unsigned int 
   306 ;; Registers used:
   307 ;;		wreg, status,2, status,0
   308 ;; Tracked objects:
   309 ;;		On entry : 0/0
   310 ;;		On exit  : 0/0
   311 ;;		Unchanged: 0/0
   312 ;; Data sizes:     COMRAM   BANK0   BANK1   BANK2   BANK3   BANK4   BANK5
   313 ;;      Params:         4       0       0       0       0       0       0
   314 ;;      Locals:         1       0       0       0       0       0       0
   315 ;;      Temps:          0       0       0       0       0       0       0
   316 ;;      Totals:         5       0       0       0       0       0       0
   317 ;;Total ram usage:        5 bytes
   318 ;; Hardware stack levels used:    1
   319 ;; This function calls:
   320 ;;		Nothing
   321 ;; This function is called by:
   322 ;;		_main
   323 ;; This function uses a non-reentrant model
   324 ;;
   325                           
   326                           	psect	text1
   327  007CEE                     __ptext1:
   328                           	opt stack 0
   329  007CEE                     ___lwmod:
   330                           	opt stack 30
   331                           
   332                           ;incstack = 0
   333  007CEE  5023               	movf	___lwmod@divisor,w,c
   334  007CF0  1024               	iorwf	___lwmod@divisor+1,w,c
   335  007CF2  B4D8               	btfsc	status,2,c
   336  007CF4  D018               	goto	l458
   337  007CF6  0E01               	movlw	1
   338  007CF8  6E25               	movwf	___lwmod@counter,c
   339  007CFA  D004               	goto	l799
   340  007CFC                     l797:
   341  007CFC  90D8               	bcf	status,0,c
   342  007CFE  3623               	rlcf	___lwmod@divisor,f,c
   343  007D00  3624               	rlcf	___lwmod@divisor+1,f,c
   344  007D02  2A25               	incf	___lwmod@counter,f,c
   345  007D04                     l799:
   346  007D04  AE24               	btfss	___lwmod@divisor+1,7,c
   347  007D06  D7FA               	goto	l797
   348  007D08                     l801:
   349  007D08  5023               	movf	___lwmod@divisor,w,c
   350  007D0A  5C21               	subwf	___lwmod@dividend,w,c
   351  007D0C  5024               	movf	___lwmod@divisor+1,w,c
   352  007D0E  5822               	subwfb	___lwmod@dividend+1,w,c
   353  007D10  A0D8               	btfss	status,0,c
   354  007D12  D004               	goto	l805
   355  007D14  5023               	movf	___lwmod@divisor,w,c
   356  007D16  5E21               	subwf	___lwmod@dividend,f,c
   357  007D18  5024               	movf	___lwmod@divisor+1,w,c
   358  007D1A  5A22               	subwfb	___lwmod@dividend+1,f,c
   359  007D1C                     l805:
   360  007D1C  90D8               	bcf	status,0,c
   361  007D1E  3224               	rrcf	___lwmod@divisor+1,f,c
   362  007D20  3223               	rrcf	___lwmod@divisor,f,c
   363  007D22  2E25               	decfsz	___lwmod@counter,f,c
   364  007D24  D7F1               	goto	l801
   365  007D26                     l458:
   366  007D26  C021  F021         	movff	___lwmod@dividend,?___lwmod
   367  007D2A  C022  F022         	movff	___lwmod@dividend+1,?___lwmod+1
   368  007D2E  0012               	return		;funcret
   369  007D30                     __end_of___lwmod:
   370                           	opt stack 0
   371                           tblptru	equ	0xFF8
   372                           tblptrh	equ	0xFF7
   373                           tblptrl	equ	0xFF6
   374                           tablat	equ	0xFF5
   375                           postinc0	equ	0xFEE
   376                           postdec1	equ	0xFE5
   377                           fsr1l	equ	0xFE1
   378                           status	equ	0xFD8
   379                           
   380 ;; *************** function ___lwdiv *****************
   381 ;; Defined at:
   382 ;;		line 8 in file "C:\Program Files (x86)\Microchip\xc8\v1.36\sources\common\lwdiv.c"
   383 ;; Parameters:    Size  Location     Type
   384 ;;  dividend        2    0[COMRAM] unsigned int 
   385 ;;  divisor         2    2[COMRAM] unsigned int 
   386 ;; Auto vars:     Size  Location     Type
   387 ;;  quotient        2    4[COMRAM] unsigned int 
   388 ;;  counter         1    6[COMRAM] unsigned char 
   389 ;; Return value:  Size  Location     Type
   390 ;;                  2    0[COMRAM] unsigned int 
   391 ;; Registers used:
   392 ;;		wreg, status,2, status,0
   393 ;; Tracked objects:
   394 ;;		On entry : 0/0
   395 ;;		On exit  : 0/0
   396 ;;		Unchanged: 0/0
   397 ;; Data sizes:     COMRAM   BANK0   BANK1   BANK2   BANK3   BANK4   BANK5
   398 ;;      Params:         4       0       0       0       0       0       0
   399 ;;      Locals:         3       0       0       0       0       0       0
   400 ;;      Temps:          0       0       0       0       0       0       0
   401 ;;      Totals:         7       0       0       0       0       0       0
   402 ;;Total ram usage:        7 bytes
   403 ;; Hardware stack levels used:    1
   404 ;; This function calls:
   405 ;;		Nothing
   406 ;; This function is called by:
   407 ;;		_main
   408 ;; This function uses a non-reentrant model
   409 ;;
   410                           
   411                           	psect	text2
   412  007D30                     __ptext2:
   413                           	opt stack 0
   414  007D30                     ___lwdiv:
   415                           	opt stack 30
   416                           
   417                           ;incstack = 0
   418  007D30  0E00               	movlw	0
   419  007D32  6E26               	movwf	___lwdiv@quotient+1,c
   420  007D34  0E00               	movlw	0
   421  007D36  6E25               	movwf	___lwdiv@quotient,c
   422  007D38  5023               	movf	___lwdiv@divisor,w,c
   423  007D3A  1024               	iorwf	___lwdiv@divisor+1,w,c
   424  007D3C  B4D8               	btfsc	status,2,c
   425  007D3E  D01C               	goto	l448
   426  007D40  0E01               	movlw	1
   427  007D42  6E27               	movwf	___lwdiv@counter,c
   428  007D44  D004               	goto	l779
   429  007D46                     l777:
   430  007D46  90D8               	bcf	status,0,c
   431  007D48  3623               	rlcf	___lwdiv@divisor,f,c
   432  007D4A  3624               	rlcf	___lwdiv@divisor+1,f,c
   433  007D4C  2A27               	incf	___lwdiv@counter,f,c
   434  007D4E                     l779:
   435  007D4E  AE24               	btfss	___lwdiv@divisor+1,7,c
   436  007D50  D7FA               	goto	l777
   437  007D52                     l781:
   438  007D52  90D8               	bcf	status,0,c
   439  007D54  3625               	rlcf	___lwdiv@quotient,f,c
   440  007D56  3626               	rlcf	___lwdiv@quotient+1,f,c
   441  007D58  5023               	movf	___lwdiv@divisor,w,c
   442  007D5A  5C21               	subwf	___lwdiv@dividend,w,c
   443  007D5C  5024               	movf	___lwdiv@divisor+1,w,c
   444  007D5E  5822               	subwfb	___lwdiv@dividend+1,w,c
   445  007D60  A0D8               	btfss	status,0,c
   446  007D62  D005               	goto	l789
   447  007D64  5023               	movf	___lwdiv@divisor,w,c
   448  007D66  5E21               	subwf	___lwdiv@dividend,f,c
   449  007D68  5024               	movf	___lwdiv@divisor+1,w,c
   450  007D6A  5A22               	subwfb	___lwdiv@dividend+1,f,c
   451  007D6C  8025               	bsf	___lwdiv@quotient,0,c
   452  007D6E                     l789:
   453  007D6E  90D8               	bcf	status,0,c
   454  007D70  3224               	rrcf	___lwdiv@divisor+1,f,c
   455  007D72  3223               	rrcf	___lwdiv@divisor,f,c
   456  007D74  2E27               	decfsz	___lwdiv@counter,f,c
   457  007D76  D7ED               	goto	l781
   458  007D78                     l448:
   459  007D78  C025  F021         	movff	___lwdiv@quotient,?___lwdiv
   460  007D7C  C026  F022         	movff	___lwdiv@quotient+1,?___lwdiv+1
   461  007D80  0012               	return		;funcret
   462  007D82                     __end_of___lwdiv:
   463                           	opt stack 0
   464                           tblptru	equ	0xFF8
   465                           tblptrh	equ	0xFF7
   466                           tblptrl	equ	0xFF6
   467                           tablat	equ	0xFF5
   468                           postinc0	equ	0xFEE
   469                           postdec1	equ	0xFE5
   470                           fsr1l	equ	0xFE1
   471                           status	equ	0xFD8
   472                           
   473 ;; *************** function _SSEG_Print *****************
   474 ;; Defined at:
   475 ;;		line 53 in file "../Libraries/pic18f4520_sseg.c"
   476 ;; Parameters:    Size  Location     Type
   477 ;;  sseg            2    7[COMRAM] int 
   478 ;;  n               2    9[COMRAM] int 
   479 ;; Auto vars:     Size  Location     Type
   480 ;;		None
   481 ;; Return value:  Size  Location     Type
   482 ;;                  1    wreg      void 
   483 ;; Registers used:
   484 ;;		wreg, fsr2l, fsr2h, status,2, status,0
   485 ;; Tracked objects:
   486 ;;		On entry : 0/0
   487 ;;		On exit  : 0/0
   488 ;;		Unchanged: 0/0
   489 ;; Data sizes:     COMRAM   BANK0   BANK1   BANK2   BANK3   BANK4   BANK5
   490 ;;      Params:         4       0       0       0       0       0       0
   491 ;;      Locals:         0       0       0       0       0       0       0
   492 ;;      Temps:          4       0       0       0       0       0       0
   493 ;;      Totals:         8       0       0       0       0       0       0
   494 ;;Total ram usage:        8 bytes
   495 ;; Hardware stack levels used:    1
   496 ;; This function calls:
   497 ;;		Nothing
   498 ;; This function is called by:
   499 ;;		_main
   500 ;; This function uses a non-reentrant model
   501 ;;
   502                           
   503                           	psect	text3
   504  007E10                     __ptext3:
   505                           	opt stack 0
   506  007E10                     _SSEG_Print:
   507                           	opt stack 30
   508                           
   509                           ;pic18f4520_sseg.c: 55: LATCbits.LATC0 = (sseg == 1) ? 1 : 0;
   510                           
   511                           ;incstack = 0
   512  007E10  0428               	decf	SSEG_Print@sseg,w,c
   513  007E12  1029               	iorwf	SSEG_Print@sseg+1,w,c
   514  007E14  A4D8               	btfss	status,2,c
   515  007E16  D003               	goto	u190
   516  007E18  6A2C               	clrf	??_SSEG_Print& (0+255),c
   517  007E1A  2A2C               	incf	??_SSEG_Print& (0+255),f,c
   518  007E1C  D001               	goto	u208
   519  007E1E                     u190:
   520  007E1E  6A2C               	clrf	??_SSEG_Print& (0+255),c
   521  007E20                     u208:
   522  007E20  508B               	movf	3979,w,c	;volatile
   523  007E22  182C               	xorwf	??_SSEG_Print,w,c
   524  007E24  0BFE               	andlw	-2
   525  007E26  182C               	xorwf	??_SSEG_Print,w,c
   526  007E28  6E8B               	movwf	3979,c	;volatile
   527                           
   528                           ;pic18f4520_sseg.c: 56: LATCbits.LATC5 = (sseg == 2) ? 1 : 0;
   529  007E2A  0E02               	movlw	2
   530  007E2C  1828               	xorwf	SSEG_Print@sseg,w,c
   531  007E2E  1029               	iorwf	SSEG_Print@sseg+1,w,c
   532  007E30  A4D8               	btfss	status,2,c
   533  007E32  D003               	goto	u210
   534  007E34  6A2C               	clrf	??_SSEG_Print& (0+255),c
   535  007E36  2A2C               	incf	??_SSEG_Print& (0+255),f,c
   536  007E38  D001               	goto	u228
   537  007E3A                     u210:
   538  007E3A  6A2C               	clrf	??_SSEG_Print& (0+255),c
   539  007E3C                     u228:
   540  007E3C  3A2C               	swapf	??_SSEG_Print,f,c
   541  007E3E  462C               	rlncf	??_SSEG_Print,f,c
   542  007E40  508B               	movf	3979,w,c	;volatile
   543  007E42  182C               	xorwf	??_SSEG_Print,w,c
   544  007E44  0BDF               	andlw	-33
   545  007E46  182C               	xorwf	??_SSEG_Print,w,c
   546  007E48  6E8B               	movwf	3979,c	;volatile
   547                           
   548                           ;pic18f4520_sseg.c: 57: LATEbits.LATE2 = ((sseg_codes[n] & (0x01 << 0)) >> 0);
   549  007E4A  90D8               	bcf	status,0,c
   550  007E4C  342A               	rlcf	SSEG_Print@n,w,c
   551  007E4E  6ED9               	movwf	fsr2l,c
   552  007E50  342B               	rlcf	SSEG_Print@n+1,w,c
   553  007E52  6EDA               	movwf	fsr2h,c
   554  007E54  0E01               	movlw	low _sseg_codes
   555  007E56  26D9               	addwf	fsr2l,f,c
   556  007E58  0E00               	movlw	high _sseg_codes
   557  007E5A  22DA               	addwfc	fsr2h,f,c
   558  007E5C  50DF               	movf	indf2,w,c
   559  007E5E  6E2C               	movwf	??_SSEG_Print& (0+255),c
   560  007E60  0E01               	movlw	1
   561  007E62  162C               	andwf	??_SSEG_Print,f,c
   562  007E64  462C               	rlncf	??_SSEG_Print,f,c
   563  007E66  462C               	rlncf	??_SSEG_Print,f,c
   564  007E68  508D               	movf	3981,w,c	;volatile
   565  007E6A  182C               	xorwf	??_SSEG_Print,w,c
   566  007E6C  0BFB               	andlw	-5
   567  007E6E  182C               	xorwf	??_SSEG_Print,w,c
   568  007E70  6E8D               	movwf	3981,c	;volatile
   569                           
   570                           ;pic18f4520_sseg.c: 58: LATEbits.LATE1 = ((sseg_codes[n] & (0x01 << 1)) >> 1);
   571  007E72  90D8               	bcf	status,0,c
   572  007E74  342A               	rlcf	SSEG_Print@n,w,c
   573  007E76  6ED9               	movwf	fsr2l,c
   574  007E78  342B               	rlcf	SSEG_Print@n+1,w,c
   575  007E7A  6EDA               	movwf	fsr2h,c
   576  007E7C  0E01               	movlw	low _sseg_codes
   577  007E7E  26D9               	addwf	fsr2l,f,c
   578  007E80  0E00               	movlw	high _sseg_codes
   579  007E82  22DA               	addwfc	fsr2h,f,c
   580  007E84  CFDE F02C          	movff	postinc2,??_SSEG_Print
   581  007E88  CFDD F02D          	movff	postdec2,??_SSEG_Print+1
   582  007E8C  342D               	rlcf	??_SSEG_Print+1,w,c
   583  007E8E  302D               	rrcf	??_SSEG_Print+1,w,c
   584  007E90  6E2F               	movwf	(??_SSEG_Print+3)& (0+255),c
   585  007E92  302C               	rrcf	??_SSEG_Print,w,c
   586  007E94  6E2E               	movwf	(??_SSEG_Print+2)& (0+255),c
   587  007E96  0E01               	movlw	1
   588  007E98  162E               	andwf	??_SSEG_Print+2,f,c
   589  007E9A  462E               	rlncf	??_SSEG_Print+2,f,c
   590  007E9C  508D               	movf	3981,w,c	;volatile
   591  007E9E  182E               	xorwf	??_SSEG_Print+2,w,c
   592  007EA0  0BFD               	andlw	-3
   593  007EA2  182E               	xorwf	??_SSEG_Print+2,w,c
   594  007EA4  6E8D               	movwf	3981,c	;volatile
   595                           
   596                           ;pic18f4520_sseg.c: 59: LATAbits.LATA2 = ((sseg_codes[n] & (0x01 << 2)) >> 2);
   597  007EA6  90D8               	bcf	status,0,c
   598  007EA8  342A               	rlcf	SSEG_Print@n,w,c
   599  007EAA  6ED9               	movwf	fsr2l,c
   600  007EAC  342B               	rlcf	SSEG_Print@n+1,w,c
   601  007EAE  6EDA               	movwf	fsr2h,c
   602  007EB0  0E01               	movlw	low _sseg_codes
   603  007EB2  26D9               	addwf	fsr2l,f,c
   604  007EB4  0E00               	movlw	high _sseg_codes
   605  007EB6  22DA               	addwfc	fsr2h,f,c
   606  007EB8  CFDE F02C          	movff	postinc2,??_SSEG_Print
   607  007EBC  CFDD F02D          	movff	postdec2,??_SSEG_Print+1
   608  007EC0  342D               	rlcf	??_SSEG_Print+1,w,c
   609  007EC2  322D               	rrcf	??_SSEG_Print+1,f,c
   610  007EC4  322C               	rrcf	??_SSEG_Print,f,c
   611  007EC6  342D               	rlcf	??_SSEG_Print+1,w,c
   612  007EC8  322D               	rrcf	??_SSEG_Print+1,f,c
   613  007ECA  322C               	rrcf	??_SSEG_Print,f,c
   614  007ECC  0E01               	movlw	1
   615  007ECE  162C               	andwf	??_SSEG_Print,f,c
   616  007ED0  462C               	rlncf	??_SSEG_Print,f,c
   617  007ED2  462C               	rlncf	??_SSEG_Print,f,c
   618  007ED4  5089               	movf	3977,w,c	;volatile
   619  007ED6  182C               	xorwf	??_SSEG_Print,w,c
   620  007ED8  0BFB               	andlw	-5
   621  007EDA  182C               	xorwf	??_SSEG_Print,w,c
   622  007EDC  6E89               	movwf	3977,c	;volatile
   623                           
   624                           ;pic18f4520_sseg.c: 60: LATAbits.LATA3 = ((sseg_codes[n] & (0x01 << 3)) >> 3);
   625  007EDE  90D8               	bcf	status,0,c
   626  007EE0  342A               	rlcf	SSEG_Print@n,w,c
   627  007EE2  6ED9               	movwf	fsr2l,c
   628  007EE4  342B               	rlcf	SSEG_Print@n+1,w,c
   629  007EE6  6EDA               	movwf	fsr2h,c
   630  007EE8  0E01               	movlw	low _sseg_codes
   631  007EEA  26D9               	addwf	fsr2l,f,c
   632  007EEC  0E00               	movlw	high _sseg_codes
   633  007EEE  22DA               	addwfc	fsr2h,f,c
   634  007EF0  CFDE F02C          	movff	postinc2,??_SSEG_Print
   635  007EF4  CFDD F02D          	movff	postdec2,??_SSEG_Print+1
   636  007EF8  342D               	rlcf	??_SSEG_Print+1,w,c
   637  007EFA  322D               	rrcf	??_SSEG_Print+1,f,c
   638  007EFC  322C               	rrcf	??_SSEG_Print,f,c
   639  007EFE  342D               	rlcf	??_SSEG_Print+1,w,c
   640  007F00  322D               	rrcf	??_SSEG_Print+1,f,c
   641  007F02  322C               	rrcf	??_SSEG_Print,f,c
   642  007F04  342D               	rlcf	??_SSEG_Print+1,w,c
   643  007F06  322D               	rrcf	??_SSEG_Print+1,f,c
   644  007F08  322C               	rrcf	??_SSEG_Print,f,c
   645  007F0A  0E01               	movlw	1
   646  007F0C  162C               	andwf	??_SSEG_Print,f,c
   647  007F0E  462C               	rlncf	??_SSEG_Print,f,c
   648  007F10  462C               	rlncf	??_SSEG_Print,f,c
   649  007F12  462C               	rlncf	??_SSEG_Print,f,c
   650  007F14  5089               	movf	3977,w,c	;volatile
   651  007F16  182C               	xorwf	??_SSEG_Print,w,c
   652  007F18  0BF7               	andlw	-9
   653  007F1A  182C               	xorwf	??_SSEG_Print,w,c
   654  007F1C  6E89               	movwf	3977,c	;volatile
   655                           
   656                           ;pic18f4520_sseg.c: 61: LATAbits.LATA4 = ((sseg_codes[n] & (0x01 << 4)) >> 4);
   657  007F1E  90D8               	bcf	status,0,c
   658  007F20  342A               	rlcf	SSEG_Print@n,w,c
   659  007F22  6ED9               	movwf	fsr2l,c
   660  007F24  342B               	rlcf	SSEG_Print@n+1,w,c
   661  007F26  6EDA               	movwf	fsr2h,c
   662  007F28  0E01               	movlw	low _sseg_codes
   663  007F2A  26D9               	addwf	fsr2l,f,c
   664  007F2C  0E00               	movlw	high _sseg_codes
   665  007F2E  22DA               	addwfc	fsr2h,f,c
   666  007F30  CFDE F02C          	movff	postinc2,??_SSEG_Print
   667  007F34  CFDD F02D          	movff	postdec2,??_SSEG_Print+1
   668  007F38  0E04               	movlw	4
   669  007F3A  6E2E               	movwf	(??_SSEG_Print+2)& (0+255),c
   670  007F3C                     u235:
   671  007F3C  342D               	rlcf	??_SSEG_Print+1,w,c
   672  007F3E  322D               	rrcf	??_SSEG_Print+1,f,c
   673  007F40  322C               	rrcf	??_SSEG_Print,f,c
   674  007F42  2E2E               	decfsz	(??_SSEG_Print+2)& (0+255),f,c
   675  007F44  D7FB               	goto	u235
   676  007F46  0E01               	movlw	1
   677  007F48  162C               	andwf	??_SSEG_Print,f,c
   678  007F4A  3A2C               	swapf	??_SSEG_Print,f,c
   679  007F4C  5089               	movf	3977,w,c	;volatile
   680  007F4E  182C               	xorwf	??_SSEG_Print,w,c
   681  007F50  0BEF               	andlw	-17
   682  007F52  182C               	xorwf	??_SSEG_Print,w,c
   683  007F54  6E89               	movwf	3977,c	;volatile
   684                           
   685                           ;pic18f4520_sseg.c: 62: LATEbits.LATE0 = ((sseg_codes[n] & (0x01 << 5)) >> 5);
   686  007F56  90D8               	bcf	status,0,c
   687  007F58  342A               	rlcf	SSEG_Print@n,w,c
   688  007F5A  6ED9               	movwf	fsr2l,c
   689  007F5C  342B               	rlcf	SSEG_Print@n+1,w,c
   690  007F5E  6EDA               	movwf	fsr2h,c
   691  007F60  0E01               	movlw	low _sseg_codes
   692  007F62  26D9               	addwf	fsr2l,f,c
   693  007F64  0E00               	movlw	high _sseg_codes
   694  007F66  22DA               	addwfc	fsr2h,f,c
   695  007F68  CFDE F02C          	movff	postinc2,??_SSEG_Print
   696  007F6C  CFDD F02D          	movff	postdec2,??_SSEG_Print+1
   697  007F70  0E05               	movlw	5
   698  007F72  6E2E               	movwf	(??_SSEG_Print+2)& (0+255),c
   699  007F74                     u245:
   700  007F74  342D               	rlcf	??_SSEG_Print+1,w,c
   701  007F76  322D               	rrcf	??_SSEG_Print+1,f,c
   702  007F78  322C               	rrcf	??_SSEG_Print,f,c
   703  007F7A  2E2E               	decfsz	(??_SSEG_Print+2)& (0+255),f,c
   704  007F7C  D7FB               	goto	u245
   705  007F7E  0E01               	movlw	1
   706  007F80  162C               	andwf	??_SSEG_Print,f,c
   707  007F82  508D               	movf	3981,w,c	;volatile
   708  007F84  182C               	xorwf	??_SSEG_Print,w,c
   709  007F86  0BFE               	andlw	-2
   710  007F88  182C               	xorwf	??_SSEG_Print,w,c
   711  007F8A  6E8D               	movwf	3981,c	;volatile
   712                           
   713                           ;pic18f4520_sseg.c: 63: LATAbits.LATA5 = ((sseg_codes[n] & (0x01 << 6)) >> 6);
   714  007F8C  90D8               	bcf	status,0,c
   715  007F8E  342A               	rlcf	SSEG_Print@n,w,c
   716  007F90  6ED9               	movwf	fsr2l,c
   717  007F92  342B               	rlcf	SSEG_Print@n+1,w,c
   718  007F94  6EDA               	movwf	fsr2h,c
   719  007F96  0E01               	movlw	low _sseg_codes
   720  007F98  26D9               	addwf	fsr2l,f,c
   721  007F9A  0E00               	movlw	high _sseg_codes
   722  007F9C  22DA               	addwfc	fsr2h,f,c
   723  007F9E  CFDE F02C          	movff	postinc2,??_SSEG_Print
   724  007FA2  CFDD F02D          	movff	postdec2,??_SSEG_Print+1
   725  007FA6  0E06               	movlw	6
   726  007FA8  6E2E               	movwf	(??_SSEG_Print+2)& (0+255),c
   727  007FAA                     u255:
   728  007FAA  342D               	rlcf	??_SSEG_Print+1,w,c
   729  007FAC  322D               	rrcf	??_SSEG_Print+1,f,c
   730  007FAE  322C               	rrcf	??_SSEG_Print,f,c
   731  007FB0  2E2E               	decfsz	(??_SSEG_Print+2)& (0+255),f,c
   732  007FB2  D7FB               	goto	u255
   733  007FB4  0E01               	movlw	1
   734  007FB6  162C               	andwf	??_SSEG_Print,f,c
   735  007FB8  3A2C               	swapf	??_SSEG_Print,f,c
   736  007FBA  462C               	rlncf	??_SSEG_Print,f,c
   737  007FBC  5089               	movf	3977,w,c	;volatile
   738  007FBE  182C               	xorwf	??_SSEG_Print,w,c
   739  007FC0  0BDF               	andlw	-33
   740  007FC2  182C               	xorwf	??_SSEG_Print,w,c
   741  007FC4  6E89               	movwf	3977,c	;volatile
   742                           
   743                           ;pic18f4520_sseg.c: 64: LATAbits.LATA1 = ((sseg_codes[n] & (0x01 << 7)) >> 7);
   744  007FC6  90D8               	bcf	status,0,c
   745  007FC8  342A               	rlcf	SSEG_Print@n,w,c
   746  007FCA  6ED9               	movwf	fsr2l,c
   747  007FCC  342B               	rlcf	SSEG_Print@n+1,w,c
   748  007FCE  6EDA               	movwf	fsr2h,c
   749  007FD0  0E01               	movlw	low _sseg_codes
   750  007FD2  26D9               	addwf	fsr2l,f,c
   751  007FD4  0E00               	movlw	high _sseg_codes
   752  007FD6  22DA               	addwfc	fsr2h,f,c
   753  007FD8  CFDE F02C          	movff	postinc2,??_SSEG_Print
   754  007FDC  CFDD F02D          	movff	postdec2,??_SSEG_Print+1
   755  007FE0  0E07               	movlw	7
   756  007FE2  6E2E               	movwf	(??_SSEG_Print+2)& (0+255),c
   757  007FE4                     u265:
   758  007FE4  342D               	rlcf	??_SSEG_Print+1,w,c
   759  007FE6  322D               	rrcf	??_SSEG_Print+1,f,c
   760  007FE8  322C               	rrcf	??_SSEG_Print,f,c
   761  007FEA  2E2E               	decfsz	(??_SSEG_Print+2)& (0+255),f,c
   762  007FEC  D7FB               	goto	u265
   763  007FEE  0E01               	movlw	1
   764  007FF0  162C               	andwf	??_SSEG_Print,f,c
   765  007FF2  462C               	rlncf	??_SSEG_Print,f,c
   766  007FF4  5089               	movf	3977,w,c	;volatile
   767  007FF6  182C               	xorwf	??_SSEG_Print,w,c
   768  007FF8  0BFD               	andlw	-3
   769  007FFA  182C               	xorwf	??_SSEG_Print,w,c
   770  007FFC  6E89               	movwf	3977,c	;volatile
   771  007FFE  0012               	return		;funcret
   772  008000                     __end_of_SSEG_Print:
   773                           	opt stack 0
   774                           tblptru	equ	0xFF8
   775                           tblptrh	equ	0xFF7
   776                           tblptrl	equ	0xFF6
   777                           tablat	equ	0xFF5
   778                           postinc0	equ	0xFEE
   779                           postdec1	equ	0xFE5
   780                           fsr1l	equ	0xFE1
   781                           indf2	equ	0xFDF
   782                           postinc2	equ	0xFDE
   783                           postdec2	equ	0xFDD
   784                           fsr2h	equ	0xFDA
   785                           fsr2l	equ	0xFD9
   786                           status	equ	0xFD8
   787                           
   788 ;; *************** function _SSEG_Init *****************
   789 ;; Defined at:
   790 ;;		line 28 in file "../Libraries/pic18f4520_sseg.c"
   791 ;; Parameters:    Size  Location     Type
   792 ;;		None
   793 ;; Auto vars:     Size  Location     Type
   794 ;;		None
   795 ;; Return value:  Size  Location     Type
   796 ;;                  1    wreg      void 
   797 ;; Registers used:
   798 ;;		None
   799 ;; Tracked objects:
   800 ;;		On entry : 0/0
   801 ;;		On exit  : 0/0
   802 ;;		Unchanged: 0/0
   803 ;; Data sizes:     COMRAM   BANK0   BANK1   BANK2   BANK3   BANK4   BANK5
   804 ;;      Params:         0       0       0       0       0       0       0
   805 ;;      Locals:         0       0       0       0       0       0       0
   806 ;;      Temps:          0       0       0       0       0       0       0
   807 ;;      Totals:         0       0       0       0       0       0       0
   808 ;;Total ram usage:        0 bytes
   809 ;; Hardware stack levels used:    1
   810 ;; This function calls:
   811 ;;		Nothing
   812 ;; This function is called by:
   813 ;;		_main
   814 ;; This function uses a non-reentrant model
   815 ;;
   816                           
   817                           	psect	text4
   818  007C90                     __ptext4:
   819                           	opt stack 0
   820  007C90                     _SSEG_Init:
   821                           	opt stack 30
   822                           
   823                           ;pic18f4520_sseg.c: 30: TRISCbits.RC0 = 0;
   824                           
   825                           ;incstack = 0
   826  007C90  9094               	bcf	3988,0,c	;volatile
   827                           
   828                           ;pic18f4520_sseg.c: 31: TRISCbits.RC5 = 0;
   829  007C92  9A94               	bcf	3988,5,c	;volatile
   830                           
   831                           ;pic18f4520_sseg.c: 32: TRISEbits.RE2 = 0;
   832  007C94  9496               	bcf	3990,2,c	;volatile
   833                           
   834                           ;pic18f4520_sseg.c: 33: TRISEbits.RE1 = 0;
   835  007C96  9296               	bcf	3990,1,c	;volatile
   836                           
   837                           ;pic18f4520_sseg.c: 34: TRISAbits.RA2 = 0;
   838  007C98  9492               	bcf	3986,2,c	;volatile
   839                           
   840                           ;pic18f4520_sseg.c: 35: TRISAbits.RA3 = 0;
   841  007C9A  9692               	bcf	3986,3,c	;volatile
   842                           
   843                           ;pic18f4520_sseg.c: 36: TRISAbits.RA4 = 0;
   844  007C9C  9892               	bcf	3986,4,c	;volatile
   845                           
   846                           ;pic18f4520_sseg.c: 37: TRISEbits.RE0 = 0;
   847  007C9E  9096               	bcf	3990,0,c	;volatile
   848                           
   849                           ;pic18f4520_sseg.c: 38: TRISAbits.RA5 = 0;
   850  007CA0  9A92               	bcf	3986,5,c	;volatile
   851                           
   852                           ;pic18f4520_sseg.c: 39: TRISAbits.RA1 = 0;
   853  007CA2  9292               	bcf	3986,1,c	;volatile
   854                           
   855                           ;pic18f4520_sseg.c: 41: LATCbits.LATC0 = 0;
   856  007CA4  908B               	bcf	3979,0,c	;volatile
   857                           
   858                           ;pic18f4520_sseg.c: 42: LATCbits.LATC5 = 0;
   859  007CA6  9A8B               	bcf	3979,5,c	;volatile
   860                           
   861                           ;pic18f4520_sseg.c: 43: LATEbits.LATE2 = 0;
   862  007CA8  948D               	bcf	3981,2,c	;volatile
   863                           
   864                           ;pic18f4520_sseg.c: 44: LATEbits.LATE1 = 0;
   865  007CAA  928D               	bcf	3981,1,c	;volatile
   866                           
   867                           ;pic18f4520_sseg.c: 45: LATAbits.LATA2 = 0;
   868  007CAC  9489               	bcf	3977,2,c	;volatile
   869                           
   870                           ;pic18f4520_sseg.c: 46: LATAbits.LATA3 = 0;
   871  007CAE  9689               	bcf	3977,3,c	;volatile
   872                           
   873                           ;pic18f4520_sseg.c: 47: LATAbits.LATA4 = 0;
   874  007CB0  9889               	bcf	3977,4,c	;volatile
   875                           
   876                           ;pic18f4520_sseg.c: 48: LATEbits.LATE0 = 0;
   877  007CB2  908D               	bcf	3981,0,c	;volatile
   878                           
   879                           ;pic18f4520_sseg.c: 49: LATAbits.LATA5 = 0;
   880  007CB4  9A89               	bcf	3977,5,c	;volatile
   881                           
   882                           ;pic18f4520_sseg.c: 50: LATAbits.LATA1 = 0;
   883  007CB6  9289               	bcf	3977,1,c	;volatile
   884  007CB8  0012               	return		;funcret
   885  007CBA                     __end_of_SSEG_Init:
   886                           	opt stack 0
   887                           tblptru	equ	0xFF8
   888                           tblptrh	equ	0xFF7
   889                           tblptrl	equ	0xFF6
   890                           tablat	equ	0xFF5
   891                           postinc0	equ	0xFEE
   892                           postdec1	equ	0xFE5
   893                           fsr1l	equ	0xFE1
   894                           indf2	equ	0xFDF
   895                           postinc2	equ	0xFDE
   896                           postdec2	equ	0xFDD
   897                           fsr2h	equ	0xFDA
   898                           fsr2l	equ	0xFD9
   899                           status	equ	0xFD8
   900                           
   901 ;; *************** function _Delayms *****************
   902 ;; Defined at:
   903 ;;		line 66 in file "../Libraries\pic18f4520_delay.h"
   904 ;; Parameters:    Size  Location     Type
   905 ;;  ms              2    0[COMRAM] int 
   906 ;; Auto vars:     Size  Location     Type
   907 ;;  i               2    3[COMRAM] int 
   908 ;; Return value:  Size  Location     Type
   909 ;;                  1    wreg      void 
   910 ;; Registers used:
   911 ;;		wreg, status,2, status,0
   912 ;; Tracked objects:
   913 ;;		On entry : 0/0
   914 ;;		On exit  : 0/0
   915 ;;		Unchanged: 0/0
   916 ;; Data sizes:     COMRAM   BANK0   BANK1   BANK2   BANK3   BANK4   BANK5
   917 ;;      Params:         2       0       0       0       0       0       0
   918 ;;      Locals:         2       0       0       0       0       0       0
   919 ;;      Temps:          1       0       0       0       0       0       0
   920 ;;      Totals:         5       0       0       0       0       0       0
   921 ;;Total ram usage:        5 bytes
   922 ;; Hardware stack levels used:    1
   923 ;; This function calls:
   924 ;;		Nothing
   925 ;; This function is called by:
   926 ;;		_main
   927 ;; This function uses a non-reentrant model
   928 ;;
   929                           
   930                           	psect	text5
   931  007CBA                     __ptext5:
   932                           	opt stack 0
   933  007CBA                     _Delayms:
   934                           	opt stack 30
   935                           
   936                           ;Libraries\pic18f4520_delay.h: 68: for(int i=0; i<ms ; i++) _delay((unsigned long)((1)*(
      +                          32000000/4000.0)));
   937                           
   938                           ;incstack = 0
   939  007CBA  0E00               	movlw	0
   940  007CBC  6E25               	movwf	Delayms@i+1,c
   941  007CBE  0E00               	movlw	0
   942  007CC0  6E24               	movwf	Delayms@i,c
   943  007CC2  D00A               	goto	l9
   944  007CC4                     l749:
   945  007CC4  0E0B               	movlw	11
   946  007CC6  6E23               	movwf	??_Delayms& (0+255),c
   947  007CC8  0E62               	movlw	98
   948  007CCA                     u347:
   949  007CCA  2EE8               	decfsz	wreg,f,c
   950  007CCC  D7FE               	goto	u347
   951  007CCE  2E23               	decfsz	??_Delayms& (0+255),f,c
   952  007CD0  D7FC               	goto	u347
   953  007CD2  D000               	nop2	
   954  007CD4  4A24               	infsnz	Delayms@i,f,c
   955  007CD6  2A25               	incf	Delayms@i+1,f,c
   956  007CD8                     l9:
   957  007CD8  5021               	movf	Delayms@ms,w,c
   958  007CDA  5C24               	subwf	Delayms@i,w,c
   959  007CDC  5025               	movf	Delayms@i+1,w,c
   960  007CDE  0A80               	xorlw	128
   961  007CE0  6E23               	movwf	??_Delayms& (0+255),c
   962  007CE2  5022               	movf	Delayms@ms+1,w,c
   963  007CE4  0A80               	xorlw	128
   964  007CE6  5823               	subwfb	??_Delayms& (0+255),w,c
   965  007CE8  B0D8               	btfsc	status,0,c
   966  007CEA  0012               	return	
   967  007CEC  D7EB               	goto	l749
   968  007CEE                     __end_of_Delayms:
   969                           	opt stack 0
   970  0000                     tblptru	equ	0xFF8
   971                           tblptrh	equ	0xFF7
   972                           tblptrl	equ	0xFF6
   973                           tablat	equ	0xFF5
   974                           postinc0	equ	0xFEE
   975                           wreg	equ	0xFE8
   976                           postdec1	equ	0xFE5
   977                           fsr1l	equ	0xFE1
   978                           indf2	equ	0xFDF
   979                           postinc2	equ	0xFDE
   980                           postdec2	equ	0xFDD
   981                           fsr2h	equ	0xFDA
   982                           fsr2l	equ	0xFD9
   983                           status	equ	0xFD8
   984                           tblptru	equ	0xFF8
   985                           tblptrh	equ	0xFF7
   986                           tblptrl	equ	0xFF6
   987                           tablat	equ	0xFF5
   988                           postinc0	equ	0xFEE
   989                           wreg	equ	0xFE8
   990                           postdec1	equ	0xFE5
   991                           fsr1l	equ	0xFE1
   992                           indf2	equ	0xFDF
   993                           postinc2	equ	0xFDE
   994                           postdec2	equ	0xFDD
   995                           fsr2h	equ	0xFDA
   996                           fsr2l	equ	0xFD9
   997                           status	equ	0xFD8
   998                           
   999                           	psect	rparam
  1000  0000                     tblptru	equ	0xFF8
  1001                           tblptrh	equ	0xFF7
  1002                           tblptrl	equ	0xFF6
  1003                           tablat	equ	0xFF5
  1004                           postinc0	equ	0xFEE
  1005                           wreg	equ	0xFE8
  1006                           postdec1	equ	0xFE5
  1007                           fsr1l	equ	0xFE1
  1008                           indf2	equ	0xFDF
  1009                           postinc2	equ	0xFDE
  1010                           postdec2	equ	0xFDD
  1011                           fsr2h	equ	0xFDA
  1012                           fsr2l	equ	0xFD9
  1013                           status	equ	0xFD8


Data Sizes:
    Strings     0
    Constant    0
    Data        32
    BSS         0
    Persistent  0
    Stack       0

Auto Spaces:
    Space          Size  Autos    Used
    COMRAM          127     17      49
    BANK0           128      0       0
    BANK1           256      0       0
    BANK2           256      0       0
    BANK3           256      0       0
    BANK4           256      0       0
    BANK5           256      0       0

Pointer List with Targets:

    None.

Critical Paths under _main in COMRAM

    _main->_SSEG_Print
    _SSEG_Print->___lwdiv

Critical Paths under _main in BANK0

    None.

Critical Paths under _main in BANK1

    None.

Critical Paths under _main in BANK2

    None.

Critical Paths under _main in BANK3

    None.

Critical Paths under _main in BANK4

    None.

Critical Paths under _main in BANK5

    None.

Call Graph Tables:

 ---------------------------------------------------------------------------------
 (Depth) Function   	        Calls       Base Space   Used Autos Params    Refs
 ---------------------------------------------------------------------------------
 (0) _main                                                 2     2      0    1296
                                             15 COMRAM     2     2      0
                            _Delayms
                          _SSEG_Init
                         _SSEG_Print
                            ___lwdiv
                            ___lwmod
 ---------------------------------------------------------------------------------
 (1) ___lwmod                                              5     1      4     287
                                              0 COMRAM     5     1      4
 ---------------------------------------------------------------------------------
 (1) ___lwdiv                                              7     3      4     290
                                              0 COMRAM     7     3      4
 ---------------------------------------------------------------------------------
 (1) _SSEG_Print                                           8     4      4     476
                                              7 COMRAM     8     4      4
                            ___lwdiv (ARG)
                            ___lwmod (ARG)
 ---------------------------------------------------------------------------------
 (1) _SSEG_Init                                            0     0      0       0
 ---------------------------------------------------------------------------------
 (1) _Delayms                                              5     3      2     174
                                              0 COMRAM     5     3      2
 ---------------------------------------------------------------------------------
 Estimated maximum stack depth 1
 ---------------------------------------------------------------------------------

 Call Graph Graphs:

 _main (ROOT)
   _Delayms
   _SSEG_Init
   _SSEG_Print
     ___lwdiv (ARG)
     ___lwmod (ARG)
   ___lwdiv
   ___lwmod

 Address spaces:
Name               Size   Autos  Total    Cost      Usage
BIGRAM             5FF      0       0      17        0.0%
EEDATA             100      0       0       0        0.0%
BITBANK5           100      0       0      16        0.0%
BANK5              100      0       0      14        0.0%
BITBANK4           100      0       0      12        0.0%
BANK4              100      0       0      13        0.0%
BITBANK3           100      0       0      10        0.0%
BANK3              100      0       0      11        0.0%
BITBANK2           100      0       0       8        0.0%
BANK2              100      0       0       9        0.0%
BITBANK1           100      0       0       6        0.0%
BANK1              100      0       0       7        0.0%
BITBANK0            80      0       0       4        0.0%
BANK0               80      0       0       5        0.0%
BITCOMRAM           7F      0       0       0        0.0%
COMRAM              7F     11      31       1       38.6%
BITSFR               0      0       0      40        0.0%
SFR                  0      0       0      40        0.0%
STACK                0      0       0       2        0.0%
NULL                 0      0       0       0        0.0%
ABS                  0      0      31      15        0.0%
DATA                 0      0      31       3        0.0%
CODE                 0      0       0       0        0.0%


Microchip Technology PIC18 Macro Assembler V1.36 build -262312587 
Symbol Table                                                                                   Sun Mar 20 17:07:49 2016

                      l9 7CD8           SSEG_Print@sseg 0028              __CFG_BORV$2 000000  
           __CFG_CP0$OFF 000000             __CFG_CP1$OFF 000000             __CFG_CP2$OFF 000000  
           __CFG_CP3$OFF 000000                      l448 7D78                      l801 7D08  
                    l458 7D26                      l805 7D1C                      l813 7D8E  
                    l749 7CC4                      l781 7D52                      l777 7D46  
                    l779 7D4E                      l789 7D6E                      l797 7CFC  
                    l799 7D04             __CFG_CPB$OFF 000000                      u210 7E3A  
                    u208 7E20                      u330 7E06                      u235 7F3C  
                    u228 7E3C                      u245 7F74                      u190 7E1E  
                    u255 7FAA                      u265 7FE4             __CFG_CPD$OFF 000000  
                    u347 7CCA                      wreg 000FE8             __CFG_LVP$OFF 000000  
           __CFG_WDT$OFF 000000              main@counter 0030                     _main 7D82  
                   fsr2h 000FDA                     fsr1l 000FE1                     indf2 000FDF  
                   fsr2l 000FD9            __CFG_BOREN$ON 000000                     start 0000  
          __CFG_IESO$OFF 000000          __end_of_Delayms 7CEE            __CFG_MCLRE$ON 000000  
           ___param_bank 000010                    ?_main 0021          __end_of___lwdiv 7D82  
        __end_of___lwmod 7D30            __CFG_PWRT$OFF 000000            __CFG_WRT0$OFF 000000  
          __CFG_WRT1$OFF 000000            __CFG_WRT2$OFF 000000            __CFG_WRT3$OFF 000000  
         __CFG_EBTR0$OFF 000000           __CFG_FCMEN$OFF 000000           __CFG_EBTR1$OFF 000000  
         __CFG_EBTR2$OFF 000000           __CFG_EBTR3$OFF 000000            __CFG_WRTB$OFF 000000  
          __CFG_WRTC$OFF 000000            __CFG_WRTD$OFF 000000           __CFG_EBTRB$OFF 000000  
     __size_of_SSEG_Init 002A                    tablat 000FF5              ?_SSEG_Print 0028  
                  status 000FD8          __initialization 7C6A             __end_of_main 7E10  
         __CFG_OSC$HSPLL 000000                   ??_main 0030            __activetblptr 000000  
              ??_Delayms 0023           __CFG_XINST$OFF 000000           __CFG_STVREN$ON 000000  
              ??___lwdiv 0025                ??___lwmod 0025        __end_of_SSEG_Init 7CBA  
    __size_of_SSEG_Print 01F0             __pdataCOMRAM 0001                   tblptrh 000FF7  
                 tblptrl 000FF6                   tblptru 000FF8               __accesstop 0080  
__end_of__initialization 7C8A          __CFG_PBADEN$OFF 000000            ___rparam_used 000001  
         __pcstackCOMRAM 0021             ??_SSEG_Print 002C                  _Delayms 7CBA  
                __Hparam 0000                  __Lparam 0000                  ___lwdiv 7D30  
                ___lwmod 7CEE                  __pcinit 7C6A                  __ramtop 0600  
                __ptext0 7D82                  __ptext1 7CEE                  __ptext2 7D30  
                __ptext3 7E10                  __ptext4 7C90                  __ptext5 7CBA  
     __end_of_SSEG_Print 8000     end_of_initialization 7C8A                Delayms@ms 0021  
                postdec1 000FE5                  postdec2 000FDD                  postinc0 000FEE  
                postinc2 000FDE                _SSEG_Init 7C90               _sseg_codes 0001  
              _TRISAbits 000F92                _TRISCbits 000F94                _TRISEbits 000F96  
            SSEG_Print@n 002A            __pidataCOMRAM 7C4A               ?_SSEG_Init 0021  
    start_initialization 7C6A         __CFG_LPT1OSC$OFF 000000                 ?_Delayms 0021  
       ___lwdiv@dividend 0021        __CFG_CCP2MX$PORTC 000000                 ?___lwdiv 0021  
               ?___lwmod 0021              ??_SSEG_Init 0021         ___lwdiv@quotient 0025  
               _LATAbits 000F89                 _LATCbits 000F8B                 _LATEbits 000F8D  
               Delayms@i 0024         __CFG_WDTPS$32768 000000                copy_data0 7C7E  
       __size_of_Delayms 0034                 __Hrparam 0000                 __Lrparam 0000  
       __size_of___lwdiv 0052         __size_of___lwmod 0042          ___lwdiv@divisor 0023  
        ___lwdiv@counter 0027            __size_of_main 008E         ___lwmod@dividend 0021  
        ___lwmod@divisor 0023          ___lwmod@counter 0025               _SSEG_Print 7E10  
