

Microchip Technology PIC18 LITE Macro Assembler V1.36 build -262312587 
                                                                                               Sun Mar 20 16:54:32 2016

Microchip Technology Omniscient Code Generator v1.36 (Free mode) build 201601150325
     1                           	processor	18F4520
     2                           	fnconf	rparam,??,?,0
     3                           	opt	pw 120
     4                           	opt	lm
     5                           	psect	cinit,global,reloc=2,class=CODE,delta=1
     6                           	psect	cstackCOMRAM,global,class=COMRAM,space=1,delta=1
     7                           	psect	text0,global,reloc=2,class=CODE,delta=1
     8                           	psect	intcodelo,global,reloc=2,class=CODE,delta=1
     9                           	psect	intsave_regs,global,class=BIGRAM,space=1,delta=1
    10                           	psect	rparam,global,class=COMRAM,space=1,delta=1
    11                           	psect	temp,global,ovrld,common,class=COMRAM,space=1,delta=1
    12  0000                     _INTCON2bits	set	4081
    13  0000                     _INTCON3bits	set	4080
    14  0000                     _INTCONbits	set	4082
    15  0000                     _LATCbits	set	3979
    16  0000                     _TRISBbits	set	3987
    17  0000                     _TRISCbits	set	3988
    18                           
    19                           ; #config settings
    20  0000                     
    21                           	psect	cinit
    22  000106                     __pcinit:
    23                           	opt stack 0
    24  000106                     start_initialization:
    25                           	opt stack 0
    26  000106                     __initialization:
    27                           	opt stack 0
    28  000106                     end_of_initialization:
    29                           	opt stack 0
    30  000106                     __end_of__initialization:
    31                           	opt stack 0
    32  000106  9013               	bcf	int$flags,0,c	;clear compiler interrupt flag (level 1)
    33  000108  9213               	bcf	int$flags,1,c	;clear compiler interrupt flag (level 2)
    34  00010A  0100               	movlb	0
    35  00010C  EF75  F000         	goto	_main	;jump to C main() function
    36                           
    37                           	psect	cstackCOMRAM
    38  000001                     __pcstackCOMRAM:
    39                           	opt stack 0
    40  000001                     ??_ExternalInterrupt:
    41                           
    42                           ; 1 bytes @ 0x0
    43  000001                     	ds	18
    44  000013                     
    45                           ; 1 bytes @ 0x12
    46 ;;
    47 ;;Main: autosize = 0, tempsize = 0, incstack = 0, save=0
    48 ;;
    49 ;; *************** function _main *****************
    50 ;; Defined at:
    51 ;;		line 18 in file "main.c"
    52 ;; Parameters:    Size  Location     Type
    53 ;;		None
    54 ;; Auto vars:     Size  Location     Type
    55 ;;		None
    56 ;; Return value:  Size  Location     Type
    57 ;;                  1    wreg      void 
    58 ;; Registers used:
    59 ;;		None
    60 ;; Tracked objects:
    61 ;;		On entry : 0/0
    62 ;;		On exit  : 0/0
    63 ;;		Unchanged: 0/0
    64 ;; Data sizes:     COMRAM   BANK0   BANK1   BANK2   BANK3   BANK4   BANK5
    65 ;;      Params:         0       0       0       0       0       0       0
    66 ;;      Locals:         0       0       0       0       0       0       0
    67 ;;      Temps:          0       0       0       0       0       0       0
    68 ;;      Totals:         0       0       0       0       0       0       0
    69 ;;Total ram usage:        0 bytes
    70 ;; Hardware stack levels required when called:    1
    71 ;; This function calls:
    72 ;;		Nothing
    73 ;; This function is called by:
    74 ;;		Startup code after reset
    75 ;; This function uses a non-reentrant model
    76 ;;
    77                           
    78                           	psect	text0
    79  0000EA                     __ptext0:
    80                           	opt stack 0
    81  0000EA                     _main:
    82                           	opt stack 30
    83                           
    84                           ;main.c: 20: TRISBbits.RB0 = 1;
    85                           
    86                           ;incstack = 0
    87  0000EA  8093               	bsf	3987,0,c	;volatile
    88                           
    89                           ;main.c: 21: TRISBbits.RB1 = 1;
    90  0000EC  8293               	bsf	3987,1,c	;volatile
    91                           
    92                           ;main.c: 22: TRISCbits.RC1 = 0;
    93  0000EE  9294               	bcf	3988,1,c	;volatile
    94                           
    95                           ;main.c: 23: TRISCbits.RC2 = 0;
    96  0000F0  9494               	bcf	3988,2,c	;volatile
    97                           
    98                           ;main.c: 25: LATCbits.LATC1 = 0;
    99  0000F2  928B               	bcf	3979,1,c	;volatile
   100                           
   101                           ;main.c: 26: LATCbits.LATC2 = 0;
   102  0000F4  948B               	bcf	3979,2,c	;volatile
   103                           
   104                           ;main.c: 28: INTCONbits.INT0E = 1;
   105  0000F6  88F2               	bsf	intcon,4,c	;volatile
   106                           
   107                           ;main.c: 29: INTCON2bits.INTEDG0 = 1;
   108  0000F8  8CF1               	bsf	intcon2,6,c	;volatile
   109                           
   110                           ;main.c: 30: INTCONbits.INT0F = 0;
   111  0000FA  92F2               	bcf	intcon,1,c	;volatile
   112                           
   113                           ;main.c: 32: INTCON3bits.INT1E = 1;
   114  0000FC  86F0               	bsf	intcon3,3,c	;volatile
   115                           
   116                           ;main.c: 33: INTCON2bits.INTEDG1 = 1;
   117  0000FE  8AF1               	bsf	intcon2,5,c	;volatile
   118                           
   119                           ;main.c: 34: INTCON3bits.INT1F = 0;
   120  000100  90F0               	bcf	intcon3,0,c	;volatile
   121                           
   122                           ;main.c: 36: (INTCONbits.GIE = 1);
   123  000102  8EF2               	bsf	intcon,7,c	;volatile
   124  000104                     l29:
   125  000104  D7FF               	goto	l29
   126  000106                     __end_of_main:
   127                           	opt stack 0
   128                           intcon	equ	0xFF2
   129                           intcon2	equ	0xFF1
   130                           intcon3	equ	0xFF0
   131                           
   132 ;; *************** function _ExternalInterrupt *****************
   133 ;; Defined at:
   134 ;;		line 44 in file "main.c"
   135 ;; Parameters:    Size  Location     Type
   136 ;;		None
   137 ;; Auto vars:     Size  Location     Type
   138 ;;		None
   139 ;; Return value:  Size  Location     Type
   140 ;;                  1    wreg      void 
   141 ;; Registers used:
   142 ;;		wreg, status,2, status,0
   143 ;; Tracked objects:
   144 ;;		On entry : 0/0
   145 ;;		On exit  : 0/0
   146 ;;		Unchanged: 0/0
   147 ;; Data sizes:     COMRAM   BANK0   BANK1   BANK2   BANK3   BANK4   BANK5
   148 ;;      Params:         0       0       0       0       0       0       0
   149 ;;      Locals:         0       0       0       0       0       0       0
   150 ;;      Temps:         18       0       0       0       0       0       0
   151 ;;      Totals:        18       0       0       0       0       0       0
   152 ;;Total ram usage:       18 bytes
   153 ;; Hardware stack levels used:    1
   154 ;; This function calls:
   155 ;;		Nothing
   156 ;; This function is called by:
   157 ;;		Interrupt level 1
   158 ;; This function uses a non-reentrant model
   159 ;;
   160                           
   161                           	psect	intcodelo
   162  000018                     __pintcodelo:
   163                           	opt stack 0
   164  000018                     _ExternalInterrupt:
   165                           	opt stack 30
   166                           
   167                           ;incstack = 0
   168  000018  8013               	bsf	btemp,0,c	;set compiler interrupt flag (level 1)
   169  00001A  CFD8 F002          	movff	status,??_ExternalInterrupt+1
   170  00001E  CFE8 F003          	movff	wreg,??_ExternalInterrupt+2
   171  000022  CFE0 F004          	movff	bsr,??_ExternalInterrupt+3
   172  000026  CFFA F005          	movff	pclath,??_ExternalInterrupt+4
   173  00002A  CFFB F006          	movff	pclatu,??_ExternalInterrupt+5
   174  00002E  CFE9 F007          	movff	fsr0l,??_ExternalInterrupt+6
   175  000032  CFEA F008          	movff	fsr0h,??_ExternalInterrupt+7
   176  000036  CFE1 F009          	movff	fsr1l,??_ExternalInterrupt+8
   177  00003A  CFE2 F00A          	movff	fsr1h,??_ExternalInterrupt+9
   178  00003E  CFD9 F00B          	movff	fsr2l,??_ExternalInterrupt+10
   179  000042  CFDA F00C          	movff	fsr2h,??_ExternalInterrupt+11
   180  000046  CFF3 F00D          	movff	prodl,??_ExternalInterrupt+12
   181  00004A  CFF4 F00E          	movff	prodh,??_ExternalInterrupt+13
   182  00004E  CFF6 F00F          	movff	tblptrl,??_ExternalInterrupt+14
   183  000052  CFF7 F010          	movff	tblptrh,??_ExternalInterrupt+15
   184  000056  CFF8 F011          	movff	tblptru,??_ExternalInterrupt+16
   185  00005A  CFF5 F012          	movff	tablat,??_ExternalInterrupt+17
   186                           
   187                           ;main.c: 47: if(INTCONbits.INT0F == 1) {
   188  00005E  A2F2               	btfss	intcon,1,c	;volatile
   189  000060  D00D               	goto	i1l35
   190                           
   191                           ;main.c: 48: INTCONbits.INT0F = 0;
   192  000062  92F2               	bcf	intcon,1,c	;volatile
   193                           
   194                           ;main.c: 49: LATCbits.LATC1 = ~ LATCbits.LATC1;
   195  000064  A28B               	btfss	3979,1,c	;volatile
   196  000066  D002               	goto	i1u4_20
   197  000068  0E01               	movlw	1
   198  00006A  D001               	goto	i1u4_26
   199  00006C                     i1u4_20:
   200  00006C  0E00               	movlw	0
   201  00006E                     i1u4_26:
   202  00006E  0AFF               	xorlw	255
   203  000070  6E01               	movwf	??_ExternalInterrupt& (0+255),c
   204  000072  4601               	rlncf	??_ExternalInterrupt,f,c
   205  000074  508B               	movf	3979,w,c	;volatile
   206  000076  1801               	xorwf	??_ExternalInterrupt,w,c
   207  000078  0BFD               	andlw	-3
   208  00007A  D00F               	goto	L1
   209  00007C                     i1l35:
   210                           
   211                           ;main.c: 52: else if(INTCON3bits.INT1F == 1) {
   212  00007C  A0F0               	btfss	intcon3,0,c	;volatile
   213  00007E  D00F               	goto	i1l38
   214                           
   215                           ;main.c: 53: INTCON3bits.INT1F = 0;
   216  000080  90F0               	bcf	intcon3,0,c	;volatile
   217                           
   218                           ;main.c: 54: LATCbits.LATC2 = ~ LATCbits.LATC2;
   219  000082  A48B               	btfss	3979,2,c	;volatile
   220  000084  D002               	goto	i1u6_20
   221  000086  0E01               	movlw	1
   222  000088  D001               	goto	i1u6_26
   223  00008A                     i1u6_20:
   224  00008A  0E00               	movlw	0
   225  00008C                     i1u6_26:
   226  00008C  0AFF               	xorlw	255
   227  00008E  6E01               	movwf	??_ExternalInterrupt& (0+255),c
   228  000090  4601               	rlncf	??_ExternalInterrupt,f,c
   229  000092  4601               	rlncf	??_ExternalInterrupt,f,c
   230  000094  508B               	movf	3979,w,c	;volatile
   231  000096  1801               	xorwf	??_ExternalInterrupt,w,c
   232  000098  0BFB               	andlw	-5
   233  00009A                     L1:
   234  00009A  1801               	xorwf	??_ExternalInterrupt,w,c
   235  00009C  6E8B               	movwf	3979,c	;volatile
   236  00009E                     i1l38:
   237  00009E  C012  FFF5         	movff	??_ExternalInterrupt+17,tablat
   238  0000A2  C011  FFF8         	movff	??_ExternalInterrupt+16,tblptru
   239  0000A6  C010  FFF7         	movff	??_ExternalInterrupt+15,tblptrh
   240  0000AA  C00F  FFF6         	movff	??_ExternalInterrupt+14,tblptrl
   241  0000AE  C00E  FFF4         	movff	??_ExternalInterrupt+13,prodh
   242  0000B2  C00D  FFF3         	movff	??_ExternalInterrupt+12,prodl
   243  0000B6  C00C  FFDA         	movff	??_ExternalInterrupt+11,fsr2h
   244  0000BA  C00B  FFD9         	movff	??_ExternalInterrupt+10,fsr2l
   245  0000BE  C00A  FFE2         	movff	??_ExternalInterrupt+9,fsr1h
   246  0000C2  C009  FFE1         	movff	??_ExternalInterrupt+8,fsr1l
   247  0000C6  C008  FFEA         	movff	??_ExternalInterrupt+7,fsr0h
   248  0000CA  C007  FFE9         	movff	??_ExternalInterrupt+6,fsr0l
   249  0000CE  C006  FFFB         	movff	??_ExternalInterrupt+5,pclatu
   250  0000D2  C005  FFFA         	movff	??_ExternalInterrupt+4,pclath
   251  0000D6  C004  FFE0         	movff	??_ExternalInterrupt+3,bsr
   252  0000DA  C003  FFE8         	movff	??_ExternalInterrupt+2,wreg
   253  0000DE  C002  FFD8         	movff	??_ExternalInterrupt+1,status
   254  0000E2  9013               	bcf	btemp,0,c	;clear compiler interrupt flag (level 1)
   255  0000E4  0010               	retfie	
   256  0000E6                     __end_of_ExternalInterrupt:
   257                           	opt stack 0
   258  0000                     pclatu	equ	0xFFB
   259                           pclath	equ	0xFFA
   260                           tblptru	equ	0xFF8
   261                           tblptrh	equ	0xFF7
   262                           tblptrl	equ	0xFF6
   263                           tablat	equ	0xFF5
   264                           prodh	equ	0xFF4
   265                           prodl	equ	0xFF3
   266                           intcon	equ	0xFF2
   267                           intcon2	equ	0xFF1
   268                           intcon3	equ	0xFF0
   269                           fsr0h	equ	0xFEA
   270                           fsr0l	equ	0xFE9
   271                           wreg	equ	0xFE8
   272                           fsr1h	equ	0xFE2
   273                           fsr1l	equ	0xFE1
   274                           bsr	equ	0xFE0
   275                           fsr2h	equ	0xFDA
   276                           fsr2l	equ	0xFD9
   277                           status	equ	0xFD8
   278                           pclatu	equ	0xFFB
   279                           pclath	equ	0xFFA
   280                           tblptru	equ	0xFF8
   281                           tblptrh	equ	0xFF7
   282                           tblptrl	equ	0xFF6
   283                           tablat	equ	0xFF5
   284                           prodh	equ	0xFF4
   285                           prodl	equ	0xFF3
   286                           intcon	equ	0xFF2
   287                           intcon2	equ	0xFF1
   288                           intcon3	equ	0xFF0
   289                           fsr0h	equ	0xFEA
   290                           fsr0l	equ	0xFE9
   291                           wreg	equ	0xFE8
   292                           fsr1h	equ	0xFE2
   293                           fsr1l	equ	0xFE1
   294                           bsr	equ	0xFE0
   295                           fsr2h	equ	0xFDA
   296                           fsr2l	equ	0xFD9
   297                           status	equ	0xFD8
   298                           
   299                           	psect	rparam
   300  0000                     pclatu	equ	0xFFB
   301                           pclath	equ	0xFFA
   302                           tblptru	equ	0xFF8
   303                           tblptrh	equ	0xFF7
   304                           tblptrl	equ	0xFF6
   305                           tablat	equ	0xFF5
   306                           prodh	equ	0xFF4
   307                           prodl	equ	0xFF3
   308                           intcon	equ	0xFF2
   309                           intcon2	equ	0xFF1
   310                           intcon3	equ	0xFF0
   311                           fsr0h	equ	0xFEA
   312                           fsr0l	equ	0xFE9
   313                           wreg	equ	0xFE8
   314                           fsr1h	equ	0xFE2
   315                           fsr1l	equ	0xFE1
   316                           bsr	equ	0xFE0
   317                           fsr2h	equ	0xFDA
   318                           fsr2l	equ	0xFD9
   319                           status	equ	0xFD8
   320                           
   321                           	psect	temp
   322  000013                     btemp:
   323                           	opt stack 0
   324  000013                     	ds	1
   325  0000                     int$flags	set	btemp
   326                           pclatu	equ	0xFFB
   327                           pclath	equ	0xFFA
   328                           tblptru	equ	0xFF8
   329                           tblptrh	equ	0xFF7
   330                           tblptrl	equ	0xFF6
   331                           tablat	equ	0xFF5
   332                           prodh	equ	0xFF4
   333                           prodl	equ	0xFF3
   334                           intcon	equ	0xFF2
   335                           intcon2	equ	0xFF1
   336                           intcon3	equ	0xFF0
   337                           fsr0h	equ	0xFEA
   338                           fsr0l	equ	0xFE9
   339                           wreg	equ	0xFE8
   340                           fsr1h	equ	0xFE2
   341                           fsr1l	equ	0xFE1
   342                           bsr	equ	0xFE0
   343                           fsr2h	equ	0xFDA
   344                           fsr2l	equ	0xFD9
   345                           status	equ	0xFD8


Data Sizes:
    Strings     0
    Constant    0
    Data        0
    BSS         0
    Persistent  0
    Stack       0

Auto Spaces:
    Space          Size  Autos    Used
    COMRAM          126     18      18
    BANK0           128      0       0
    BANK1           256      0       0
    BANK2           256      0       0
    BANK3           256      0       0
    BANK4           256      0       0
    BANK5           256      0       0

Pointer List with Targets:

    None.

Critical Paths under _main in COMRAM

    None.

Critical Paths under _ExternalInterrupt in COMRAM

    None.

Critical Paths under _main in BANK0

    None.

Critical Paths under _ExternalInterrupt in BANK0

    None.

Critical Paths under _main in BANK1

    None.

Critical Paths under _ExternalInterrupt in BANK1

    None.

Critical Paths under _main in BANK2

    None.

Critical Paths under _ExternalInterrupt in BANK2

    None.

Critical Paths under _main in BANK3

    None.

Critical Paths under _ExternalInterrupt in BANK3

    None.

Critical Paths under _main in BANK4

    None.

Critical Paths under _ExternalInterrupt in BANK4

    None.

Critical Paths under _main in BANK5

    None.

Critical Paths under _ExternalInterrupt in BANK5

    None.

Call Graph Tables:

 ---------------------------------------------------------------------------------
 (Depth) Function   	        Calls       Base Space   Used Autos Params    Refs
 ---------------------------------------------------------------------------------
 (0) _main                                                 0     0      0       0
 ---------------------------------------------------------------------------------
 Estimated maximum stack depth 0
 ---------------------------------------------------------------------------------
 (Depth) Function   	        Calls       Base Space   Used Autos Params    Refs
 ---------------------------------------------------------------------------------
 (1) _ExternalInterrupt                                   18    18      0       0
                                              0 COMRAM    18    18      0
 ---------------------------------------------------------------------------------
 Estimated maximum stack depth 1
 ---------------------------------------------------------------------------------

 Call Graph Graphs:

 _main (ROOT)

 _ExternalInterrupt (ROOT)

 Address spaces:
Name               Size   Autos  Total    Cost      Usage
BITCOMRAM           7E      0       0       0        0.0%
EEDATA             100      0       0       0        0.0%
NULL                 0      0       0       0        0.0%
CODE                 0      0       0       0        0.0%
COMRAM              7E     12      12       1       14.3%
STACK                0      0       0       2        0.0%
DATA                 0      0       0       3        0.0%
BITBANK0            80      0       0       4        0.0%
BANK0               80      0       0       5        0.0%
BITBANK1           100      0       0       6        0.0%
BANK1              100      0       0       7        0.0%
BITBANK2           100      0       0       8        0.0%
BANK2              100      0       0       9        0.0%
BITBANK3           100      0       0      10        0.0%
BANK3              100      0       0      11        0.0%
BITBANK4           100      0       0      12        0.0%
BANK4              100      0       0      13        0.0%
BANK5              100      0       0      14        0.0%
ABS                  0      0       0      15        0.0%
BITBANK5           100      0       0      16        0.0%
BIGRAM             5FF      0       0      17        0.0%
BITSFR               0      0       0      40        0.0%
SFR                  0      0       0      40        0.0%


Microchip Technology PIC18 Macro Assembler V1.36 build -262312587 
Symbol Table                                                                                   Sun Mar 20 16:54:32 2016

                        l29 0104                          bsr 000FE0                 __CFG_BORV$2 000000  
              __CFG_CP0$OFF 000000                __CFG_CP1$OFF 000000                __CFG_CP2$OFF 000000  
              __CFG_CP3$OFF 000000                __CFG_CPB$OFF 000000                __CFG_CPD$OFF 000000  
                       wreg 000FE8                __CFG_LVP$OFF 000000                __CFG_WDT$OFF 000000  
                      i1l35 007C                        i1l38 009E                        _main 00EA  
                      fsr0h 000FEA                        fsr1h 000FE2                        fsr0l 000FE9  
                      fsr2h 000FDA                        fsr1l 000FE1                        fsr2l 000FD9  
                      btemp 0013                        pclat 000FFA               __CFG_BOREN$ON 000000  
                      prodh 000FF4                        prodl 000FF3                        start 00E6  
             __CFG_IESO$OFF 000000               __CFG_MCLRE$ON 000000                ___param_bank 000010  
                     ?_main 0001               __CFG_PWRT$OFF 000000               __CFG_WRT0$OFF 000000  
             __CFG_WRT1$OFF 000000               __CFG_WRT2$OFF 000000               __CFG_WRT3$OFF 000000  
            __CFG_EBTR0$OFF 000000              __CFG_FCMEN$OFF 000000              __CFG_EBTR1$OFF 000000  
            __CFG_EBTR2$OFF 000000              __CFG_EBTR3$OFF 000000               __CFG_WRTB$OFF 000000  
             __CFG_WRTC$OFF 000000               __CFG_WRTD$OFF 000000              __CFG_EBTRB$OFF 000000  
                     tablat 000FF5                       status 000FD8             __initialization 0106  
              __end_of_main 0106              __CFG_OSC$HSPLL 000000                      ??_main 0013  
             __activetblptr 000000                      i1u4_20 006C                      i1u4_26 006E  
                    i1u6_20 008A                      i1u6_26 008C              __CFG_XINST$OFF 000000  
            __CFG_STVREN$ON 000000                      tblptrh 000FF7                      tblptrl 000FF6  
                    tblptru 000FF8                  __accesstop 0080     __end_of__initialization 0106  
           __CFG_PBADEN$OFF 000000               ___rparam_used 000001              __pcstackCOMRAM 0001  
                   __Hparam 0000                     __Lparam 0000                     __pcinit 0106  
                   __ramtop 0600                     __ptext0 00EA        end_of_initialization 0106  
         _ExternalInterrupt 0018          ?_ExternalInterrupt 0001         ??_ExternalInterrupt 0001  
                 _TRISBbits 000F93                   _TRISCbits 000F94   __end_of_ExternalInterrupt 00E6  
       start_initialization 0106            __CFG_LPT1OSC$OFF 000000  __size_of_ExternalInterrupt 00CE  
         __CFG_CCP2MX$PORTC 000000                 __pintcodelo 0018                    _LATCbits 000F8B  
          __CFG_WDTPS$32768 000000                 _INTCON2bits 000FF1                 _INTCON3bits 000FF0  
                  __Hrparam 0000                    __Lrparam 0000               __size_of_main 001C  
                  int$flags 0013                  _INTCONbits 000FF2                    intlevel1 0000  
