

Microchip Technology PIC18 LITE Macro Assembler V1.36 build -262312587 
                                                                                               Sun Mar 20 17:02:50 2016

Microchip Technology Omniscient Code Generator v1.36 (Free mode) build 201601150325
     1                           	processor	18F4520
     2                           	fnconf	rparam,??,?,0
     3                           	opt	pw 120
     4                           	opt	lm
     5                           	psect	cinit,global,reloc=2,class=CODE,delta=1
     6                           	psect	cstackCOMRAM,global,class=COMRAM,space=1,delta=1
     7                           	psect	text0,global,reloc=2,class=CODE,delta=1
     8                           	psect	text1,global,reloc=2,class=CODE,delta=1
     9                           	psect	intsave_regs,global,class=BIGRAM,space=1,delta=1
    10                           	psect	rparam,global,class=COMRAM,space=1,delta=1
    11  0000                     _LATCbits	set	3979
    12  0000                     _TRISCbits	set	3988
    13                           
    14                           ; #config settings
    15  0000                     
    16                           	psect	cinit
    17  007FA6                     __pcinit:
    18                           	opt stack 0
    19  007FA6                     start_initialization:
    20                           	opt stack 0
    21  007FA6                     __initialization:
    22                           	opt stack 0
    23  007FA6                     end_of_initialization:
    24                           	opt stack 0
    25  007FA6                     __end_of__initialization:
    26                           	opt stack 0
    27  007FA6  0100               	movlb	0
    28  007FA8  EFD6  F03F         	goto	_main	;jump to C main() function
    29                           
    30                           	psect	cstackCOMRAM
    31  000001                     __pcstackCOMRAM:
    32                           	opt stack 0
    33  000001                     Delayms@ms:
    34                           	opt stack 0
    35                           
    36                           ; 2 bytes @ 0x0
    37  000001                     	ds	2
    38  000003                     ??_Delayms:
    39                           
    40                           ; 1 bytes @ 0x2
    41  000003                     	ds	1
    42  000004                     Delayms@i:
    43                           	opt stack 0
    44                           
    45                           ; 2 bytes @ 0x3
    46  000004                     	ds	2
    47  000006                     
    48                           ; 1 bytes @ 0x5
    49 ;;
    50 ;;Main: autosize = 0, tempsize = 0, incstack = 0, save=0
    51 ;;
    52 ;; *************** function _main *****************
    53 ;; Defined at:
    54 ;;		line 18 in file "main.c"
    55 ;; Parameters:    Size  Location     Type
    56 ;;		None
    57 ;; Auto vars:     Size  Location     Type
    58 ;;		None
    59 ;; Return value:  Size  Location     Type
    60 ;;                  2   20[None  ] int 
    61 ;; Registers used:
    62 ;;		wreg, status,2, status,0, cstack
    63 ;; Tracked objects:
    64 ;;		On entry : 0/0
    65 ;;		On exit  : 0/0
    66 ;;		Unchanged: 0/0
    67 ;; Data sizes:     COMRAM   BANK0   BANK1   BANK2   BANK3   BANK4   BANK5
    68 ;;      Params:         0       0       0       0       0       0       0
    69 ;;      Locals:         0       0       0       0       0       0       0
    70 ;;      Temps:          0       0       0       0       0       0       0
    71 ;;      Totals:         0       0       0       0       0       0       0
    72 ;;Total ram usage:        0 bytes
    73 ;; Hardware stack levels required when called:    1
    74 ;; This function calls:
    75 ;;		_Delayms
    76 ;; This function is called by:
    77 ;;		Startup code after reset
    78 ;; This function uses a non-reentrant model
    79 ;;
    80                           
    81                           	psect	text0
    82  007FAC                     __ptext0:
    83                           	opt stack 0
    84  007FAC                     _main:
    85                           	opt stack 30
    86                           
    87                           ;main.c: 21: TRISCbits.RC1 = 0;
    88                           
    89                           ;incstack = 0
    90  007FAC  9294               	bcf	3988,1,c	;volatile
    91  007FAE                     l21:
    92                           
    93                           ;main.c: 27: LATCbits.LATC1 = 1;
    94  007FAE  828B               	bsf	3979,1,c	;volatile
    95                           
    96                           ;main.c: 30: Delayms(1000);
    97  007FB0  0E03               	movlw	3
    98  007FB2  6E02               	movwf	Delayms@ms+1,c
    99  007FB4  0EE8               	movlw	232
   100  007FB6  6E01               	movwf	Delayms@ms,c
   101  007FB8  ECE6  F03F         	call	_Delayms	;wreg free
   102                           
   103                           ;main.c: 33: LATCbits.LATC1 = 0;
   104  007FBC  928B               	bcf	3979,1,c	;volatile
   105                           
   106                           ;main.c: 36: Delayms(1000);
   107  007FBE  0E03               	movlw	3
   108  007FC0  6E02               	movwf	Delayms@ms+1,c
   109  007FC2  0EE8               	movlw	232
   110  007FC4  6E01               	movwf	Delayms@ms,c
   111  007FC6  ECE6  F03F         	call	_Delayms	;wreg free
   112  007FCA  D7F1               	goto	l21
   113  007FCC                     __end_of_main:
   114                           	opt stack 0
   115                           
   116 ;; *************** function _Delayms *****************
   117 ;; Defined at:
   118 ;;		line 66 in file "../Libraries\pic18f4520_delay.h"
   119 ;; Parameters:    Size  Location     Type
   120 ;;  ms              2    0[COMRAM] int 
   121 ;; Auto vars:     Size  Location     Type
   122 ;;  i               2    3[COMRAM] int 
   123 ;; Return value:  Size  Location     Type
   124 ;;                  1    wreg      void 
   125 ;; Registers used:
   126 ;;		wreg, status,2, status,0
   127 ;; Tracked objects:
   128 ;;		On entry : 0/0
   129 ;;		On exit  : 0/0
   130 ;;		Unchanged: 0/0
   131 ;; Data sizes:     COMRAM   BANK0   BANK1   BANK2   BANK3   BANK4   BANK5
   132 ;;      Params:         2       0       0       0       0       0       0
   133 ;;      Locals:         2       0       0       0       0       0       0
   134 ;;      Temps:          1       0       0       0       0       0       0
   135 ;;      Totals:         5       0       0       0       0       0       0
   136 ;;Total ram usage:        5 bytes
   137 ;; Hardware stack levels used:    1
   138 ;; This function calls:
   139 ;;		Nothing
   140 ;; This function is called by:
   141 ;;		_main
   142 ;; This function uses a non-reentrant model
   143 ;;
   144                           
   145                           	psect	text1
   146  007FCC                     __ptext1:
   147                           	opt stack 0
   148  007FCC                     _Delayms:
   149                           	opt stack 30
   150                           
   151                           ;Libraries\pic18f4520_delay.h: 68: for(int i=0; i<ms ; i++) _delay((unsigned long)((1)*(
      +                          32000000/4000.0)));
   152                           
   153                           ;incstack = 0
   154  007FCC  0E00               	movlw	0
   155  007FCE  6E05               	movwf	Delayms@i+1,c
   156  007FD0  0E00               	movlw	0
   157  007FD2  6E04               	movwf	Delayms@i,c
   158  007FD4  D00A               	goto	l9
   159  007FD6                     l642:
   160  007FD6  0E0B               	movlw	11
   161  007FD8  6E03               	movwf	??_Delayms& (0+255),c
   162  007FDA  0E62               	movlw	98
   163  007FDC                     u47:
   164  007FDC  2EE8               	decfsz	wreg,f,c
   165  007FDE  D7FE               	goto	u47
   166  007FE0  2E03               	decfsz	??_Delayms& (0+255),f,c
   167  007FE2  D7FC               	goto	u47
   168  007FE4  D000               	nop2	
   169  007FE6  4A04               	infsnz	Delayms@i,f,c
   170  007FE8  2A05               	incf	Delayms@i+1,f,c
   171  007FEA                     l9:
   172  007FEA  5001               	movf	Delayms@ms,w,c
   173  007FEC  5C04               	subwf	Delayms@i,w,c
   174  007FEE  5005               	movf	Delayms@i+1,w,c
   175  007FF0  0A80               	xorlw	128
   176  007FF2  6E03               	movwf	??_Delayms& (0+255),c
   177  007FF4  5002               	movf	Delayms@ms+1,w,c
   178  007FF6  0A80               	xorlw	128
   179  007FF8  5803               	subwfb	??_Delayms& (0+255),w,c
   180  007FFA  B0D8               	btfsc	status,0,c
   181  007FFC  0012               	return	
   182  007FFE  D7EB               	goto	l642
   183  008000                     __end_of_Delayms:
   184                           	opt stack 0
   185  0000                     wreg	equ	0xFE8
   186                           status	equ	0xFD8
   187                           wreg	equ	0xFE8
   188                           status	equ	0xFD8
   189                           
   190                           	psect	rparam
   191  0000                     wreg	equ	0xFE8
   192                           status	equ	0xFD8


Data Sizes:
    Strings     0
    Constant    0
    Data        0
    BSS         0
    Persistent  0
    Stack       0

Auto Spaces:
    Space          Size  Autos    Used
    COMRAM          127      5       5
    BANK0           128      0       0
    BANK1           256      0       0
    BANK2           256      0       0
    BANK3           256      0       0
    BANK4           256      0       0
    BANK5           256      0       0

Pointer List with Targets:

    None.

Critical Paths under _main in COMRAM

    _main->_Delayms

Critical Paths under _main in BANK0

    None.

Critical Paths under _main in BANK1

    None.

Critical Paths under _main in BANK2

    None.

Critical Paths under _main in BANK3

    None.

Critical Paths under _main in BANK4

    None.

Critical Paths under _main in BANK5

    None.

Call Graph Tables:

 ---------------------------------------------------------------------------------
 (Depth) Function   	        Calls       Base Space   Used Autos Params    Refs
 ---------------------------------------------------------------------------------
 (0) _main                                                 0     0      0     132
                            _Delayms
 ---------------------------------------------------------------------------------
 (1) _Delayms                                              5     3      2     132
                                              0 COMRAM     5     3      2
 ---------------------------------------------------------------------------------
 Estimated maximum stack depth 1
 ---------------------------------------------------------------------------------

 Call Graph Graphs:

 _main (ROOT)
   _Delayms

 Address spaces:
Name               Size   Autos  Total    Cost      Usage
BITCOMRAM           7F      0       0       0        0.0%
EEDATA             100      0       0       0        0.0%
NULL                 0      0       0       0        0.0%
CODE                 0      0       0       0        0.0%
COMRAM              7F      5       5       1        3.9%
STACK                0      0       0       2        0.0%
DATA                 0      0       0       3        0.0%
BITBANK0            80      0       0       4        0.0%
BANK0               80      0       0       5        0.0%
BITBANK1           100      0       0       6        0.0%
BANK1              100      0       0       7        0.0%
BITBANK2           100      0       0       8        0.0%
BANK2              100      0       0       9        0.0%
BITBANK3           100      0       0      10        0.0%
BANK3              100      0       0      11        0.0%
BITBANK4           100      0       0      12        0.0%
BANK4              100      0       0      13        0.0%
BANK5              100      0       0      14        0.0%
ABS                  0      0       0      15        0.0%
BITBANK5           100      0       0      16        0.0%
BIGRAM             5FF      0       0      17        0.0%
BITSFR               0      0       0      40        0.0%
SFR                  0      0       0      40        0.0%


Microchip Technology PIC18 Macro Assembler V1.36 build -262312587 
Symbol Table                                                                                   Sun Mar 20 17:02:50 2016

                      l9 7FEA                       l21 7FAE                       u47 7FDC  
            __CFG_BORV$2 000000             __CFG_CP0$OFF 000000             __CFG_CP1$OFF 000000  
           __CFG_CP2$OFF 000000             __CFG_CP3$OFF 000000                      l642 7FD6  
           __CFG_CPB$OFF 000000             __CFG_CPD$OFF 000000                      wreg 000FE8  
           __CFG_LVP$OFF 000000             __CFG_WDT$OFF 000000                     _main 7FAC  
          __CFG_BOREN$ON 000000                     start 0000            __CFG_IESO$OFF 000000  
        __end_of_Delayms 8000            __CFG_MCLRE$ON 000000             ___param_bank 000010  
                  ?_main 0001            __CFG_PWRT$OFF 000000            __CFG_WRT0$OFF 000000  
          __CFG_WRT1$OFF 000000            __CFG_WRT2$OFF 000000            __CFG_WRT3$OFF 000000  
         __CFG_EBTR0$OFF 000000           __CFG_FCMEN$OFF 000000           __CFG_EBTR1$OFF 000000  
         __CFG_EBTR2$OFF 000000           __CFG_EBTR3$OFF 000000            __CFG_WRTB$OFF 000000  
          __CFG_WRTC$OFF 000000            __CFG_WRTD$OFF 000000           __CFG_EBTRB$OFF 000000  
                  status 000FD8          __initialization 7FA6             __end_of_main 7FCC  
         __CFG_OSC$HSPLL 000000                   ??_main 0006            __activetblptr 000000  
              ??_Delayms 0003           __CFG_XINST$OFF 000000           __CFG_STVREN$ON 000000  
             __accesstop 0080  __end_of__initialization 7FA6          __CFG_PBADEN$OFF 000000  
          ___rparam_used 000001           __pcstackCOMRAM 0001                  _Delayms 7FCC  
                __Hparam 0000                  __Lparam 0000                  __pcinit 7FA6  
                __ramtop 0600                  __ptext0 7FAC                  __ptext1 7FCC  
   end_of_initialization 7FA6                Delayms@ms 0001                _TRISCbits 000F94  
    start_initialization 7FA6         __CFG_LPT1OSC$OFF 000000                 ?_Delayms 0001  
      __CFG_CCP2MX$PORTC 000000                 _LATCbits 000F8B                 Delayms@i 0004  
       __CFG_WDTPS$32768 000000         __size_of_Delayms 0034                 __Hrparam 0000  
               __Lrparam 0000            __size_of_main 0020  
