

Microchip Technology PIC18 LITE Macro Assembler V1.36 build -262312587 
                                                                                               Sun Mar 20 16:52:48 2016

Microchip Technology Omniscient Code Generator v1.36 (Free mode) build 201601150325
     1                           	processor	18F4520
     2                           	fnconf	rparam,??,?,0
     3                           	opt	pw 120
     4                           	opt	lm
     5                           	psect	cinit,global,reloc=2,class=CODE,delta=1
     6                           	psect	cstackCOMRAM,global,class=COMRAM,space=1,delta=1
     7                           	psect	text0,global,reloc=2,class=CODE,delta=1
     8                           	psect	intsave_regs,global,class=BIGRAM,space=1,delta=1
     9                           	psect	rparam,global,class=COMRAM,space=1,delta=1
    10  0000                     _LATCbits	set	3979
    11  0000                     _PORTBbits	set	3969
    12  0000                     _TRISBbits	set	3987
    13  0000                     _TRISCbits	set	3988
    14                           
    15                           ; #config settings
    16  0000                     
    17                           	psect	cinit
    18  007FE8                     __pcinit:
    19                           	opt stack 0
    20  007FE8                     start_initialization:
    21                           	opt stack 0
    22  007FE8                     __initialization:
    23                           	opt stack 0
    24  007FE8                     end_of_initialization:
    25                           	opt stack 0
    26  007FE8                     __end_of__initialization:
    27                           	opt stack 0
    28  007FE8  0100               	movlb	0
    29  007FEA  EFF7  F03F         	goto	_main	;jump to C main() function
    30                           
    31                           	psect	cstackCOMRAM
    32  000000                     __pcstackCOMRAM:
    33                           	opt stack 0
    34  000000                     
    35                           ; 2 bytes @ 0x0
    36 ;;
    37 ;;Main: autosize = 0, tempsize = 0, incstack = 0, save=0
    38 ;;
    39 ;; *************** function _main *****************
    40 ;; Defined at:
    41 ;;		line 18 in file "main.c"
    42 ;; Parameters:    Size  Location     Type
    43 ;;		None
    44 ;; Auto vars:     Size  Location     Type
    45 ;;		None
    46 ;; Return value:  Size  Location     Type
    47 ;;                  2   24[None  ] int 
    48 ;; Registers used:
    49 ;;		None
    50 ;; Tracked objects:
    51 ;;		On entry : 0/0
    52 ;;		On exit  : 0/0
    53 ;;		Unchanged: 0/0
    54 ;; Data sizes:     COMRAM   BANK0   BANK1   BANK2   BANK3   BANK4   BANK5
    55 ;;      Params:         0       0       0       0       0       0       0
    56 ;;      Locals:         0       0       0       0       0       0       0
    57 ;;      Temps:          0       0       0       0       0       0       0
    58 ;;      Totals:         0       0       0       0       0       0       0
    59 ;;Total ram usage:        0 bytes
    60 ;; This function calls:
    61 ;;		Nothing
    62 ;; This function is called by:
    63 ;;		Startup code after reset
    64 ;; This function uses a non-reentrant model
    65 ;;
    66                           
    67                           	psect	text0
    68  007FEE                     __ptext0:
    69                           	opt stack 0
    70  007FEE                     _main:
    71                           	opt stack 31
    72                           
    73                           ;main.c: 21: TRISCbits.RC1 = 0;
    74                           
    75                           ;incstack = 0
    76  007FEE  9294               	bcf	3988,1,c	;volatile
    77                           
    78                           ;main.c: 23: TRISBbits.RB0 = 1;
    79  007FF0  8093               	bsf	3987,0,c	;volatile
    80                           
    81                           ;main.c: 25: TRISBbits.RB1 = 1;
    82  007FF2  8293               	bsf	3987,1,c	;volatile
    83  007FF4                     l25:
    84                           
    85                           ;main.c: 29: if (PORTBbits.RB0 == 0)
    86  007FF4  A081               	btfss	3969,0,c	;volatile
    87                           
    88                           ;main.c: 30: LATCbits.LATC1 = 1;
    89  007FF6  828B               	bsf	3979,1,c	;volatile
    90                           
    91                           ;main.c: 32: if (PORTBbits.RB1 == 0)
    92  007FF8  B281               	btfsc	3969,1,c	;volatile
    93  007FFA  D7FC               	goto	l25
    94                           
    95                           ;main.c: 33: LATCbits.LATC1 = 0;
    96  007FFC  928B               	bcf	3979,1,c	;volatile
    97  007FFE  D7FA               	goto	l25
    98  008000                     __end_of_main:
    99                           	opt stack 0
   100  0000                     
   101                           	psect	rparam


Data Sizes:
    Strings     0
    Constant    0
    Data        0
    BSS         0
    Persistent  0
    Stack       0

Auto Spaces:
    Space          Size  Autos    Used
    COMRAM          127      0       0
    BANK0           128      0       0
    BANK1           256      0       0
    BANK2           256      0       0
    BANK3           256      0       0
    BANK4           256      0       0
    BANK5           256      0       0

Pointer List with Targets:

    None.

Critical Paths under _main in COMRAM

    None.

Critical Paths under _main in BANK0

    None.

Critical Paths under _main in BANK1

    None.

Critical Paths under _main in BANK2

    None.

Critical Paths under _main in BANK3

    None.

Critical Paths under _main in BANK4

    None.

Critical Paths under _main in BANK5

    None.

Call Graph Tables:

 ---------------------------------------------------------------------------------
 (Depth) Function   	        Calls       Base Space   Used Autos Params    Refs
 ---------------------------------------------------------------------------------
 (0) _main                                                 0     0      0       0
 ---------------------------------------------------------------------------------
 Estimated maximum stack depth 0
 ---------------------------------------------------------------------------------

 Call Graph Graphs:

 _main (ROOT)

 Address spaces:
Name               Size   Autos  Total    Cost      Usage
BITCOMRAM           7F      0       0       0        0.0%
EEDATA             100      0       0       0        0.0%
NULL                 0      0       0       0        0.0%
CODE                 0      0       0       0        0.0%
COMRAM              7F      0       0       1        0.0%
STACK                0      0       0       2        0.0%
DATA                 0      0       0       3        0.0%
BITBANK0            80      0       0       4        0.0%
BANK0               80      0       0       5        0.0%
BITBANK1           100      0       0       6        0.0%
BANK1              100      0       0       7        0.0%
BITBANK2           100      0       0       8        0.0%
BANK2              100      0       0       9        0.0%
BITBANK3           100      0       0      10        0.0%
BANK3              100      0       0      11        0.0%
BITBANK4           100      0       0      12        0.0%
BANK4              100      0       0      13        0.0%
BANK5              100      0       0      14        0.0%
ABS                  0      0       0      15        0.0%
BITBANK5           100      0       0      16        0.0%
BIGRAM             5FF      0       0      17        0.0%
BITSFR               0      0       0      40        0.0%
SFR                  0      0       0      40        0.0%


Microchip Technology PIC18 Macro Assembler V1.36 build -262312587 
Symbol Table                                                                                   Sun Mar 20 16:52:48 2016

                     l25 7FF4              __CFG_BORV$2 000000             __CFG_CP0$OFF 000000  
           __CFG_CP1$OFF 000000             __CFG_CP2$OFF 000000             __CFG_CP3$OFF 000000  
           __CFG_CPB$OFF 000000             __CFG_CPD$OFF 000000             __CFG_LVP$OFF 000000  
           __CFG_WDT$OFF 000000                     _main 7FEE            __CFG_BOREN$ON 000000  
                   start 0000            __CFG_IESO$OFF 000000            __CFG_MCLRE$ON 000000  
           ___param_bank 000010                    ?_main 0000            __CFG_PWRT$OFF 000000  
          __CFG_WRT0$OFF 000000            __CFG_WRT1$OFF 000000            __CFG_WRT2$OFF 000000  
          __CFG_WRT3$OFF 000000           __CFG_EBTR0$OFF 000000           __CFG_FCMEN$OFF 000000  
         __CFG_EBTR1$OFF 000000           __CFG_EBTR2$OFF 000000           __CFG_EBTR3$OFF 000000  
          __CFG_WRTB$OFF 000000            __CFG_WRTC$OFF 000000            __CFG_WRTD$OFF 000000  
         __CFG_EBTRB$OFF 000000          __initialization 7FE8             __end_of_main 8000  
         __CFG_OSC$HSPLL 000000                   ??_main 0000            __activetblptr 000000  
         __CFG_XINST$OFF 000000           __CFG_STVREN$ON 000000               __accesstop 0080  
__end_of__initialization 7FE8          __CFG_PBADEN$OFF 000000            ___rparam_used 000001  
         __pcstackCOMRAM 0000                  __Hparam 0000                  __Lparam 0000  
                __pcinit 7FE8                  __ramtop 0600                  __ptext0 7FEE  
   end_of_initialization 7FE8                _PORTBbits 000F81                _TRISBbits 000F93  
              _TRISCbits 000F94      start_initialization 7FE8         __CFG_LPT1OSC$OFF 000000  
      __CFG_CCP2MX$PORTC 000000                 _LATCbits 000F8B         __CFG_WDTPS$32768 000000  
               __Hrparam 0000                 __Lrparam 0000            __size_of_main 0012  
